Command line invocation:
    /Applications/Xcode_26.3.app/Contents/Developer/usr/bin/xcodebuild archive -workspace ./Voice_Morph.xcworkspace -scheme Voice_Morph -configuration Release -destination generic/platform=iOS -archivePath /Users/runner/work/Voice_Morph/Voice_Morph/build.xcarchive

2026-04-14 06:38:50.256 xcodebuild[52653:131647] [MT] IDERunDestination: Supported platforms for the buildables in the current scheme is empty.
ComputePackagePrebuildTargetDependencyGraph

Prepare packages

CreateBuildRequest

SendProjectDescription

CreateBuildOperation

ComputeTargetDependencyGraph
note: Building targets in dependency order
note: Target dependency graph (7 targets)
    Target 'Voice_Morph' in project 'Voice_Morph'
        ➜ Implicit dependency on target 'Pods-Voice_Morph' in project 'Pods' via file 'Pods_Voice_Morph.framework' in build phase 'Link Binary'
        ➜ Implicit dependency on target 'CaoRuiSubscriptionKit' in project 'Pods' via options '-framework CaoRuiSubscriptionKit' in build setting 'OTHER_LDFLAGS'
        ➜ Implicit dependency on target 'SVProgressHUD' in project 'Pods' via options '-framework SVProgressHUD' in build setting 'OTHER_LDFLAGS'
    Target 'Pods-Voice_Morph' in project 'Pods'
        ➜ Explicit dependency on target 'CaoRuiSubscriptionKit' in project 'Pods'
        ➜ Explicit dependency on target 'SVProgressHUD' in project 'Pods'
        ➜ Explicit dependency on target 'UMAPM' in project 'Pods'
        ➜ Explicit dependency on target 'UMCommon' in project 'Pods'
        ➜ Explicit dependency on target 'UMDevice' in project 'Pods'
    Target 'SVProgressHUD' in project 'Pods' (no dependencies)
    Target 'CaoRuiSubscriptionKit' in project 'Pods'
        ➜ Explicit dependency on target 'UMAPM' in project 'Pods'
        ➜ Explicit dependency on target 'UMCommon' in project 'Pods'
        ➜ Explicit dependency on target 'UMDevice' in project 'Pods'
    Target 'UMAPM' in project 'Pods'
        ➜ Explicit dependency on target 'UMCommon' in project 'Pods'
    Target 'UMCommon' in project 'Pods'
        ➜ Explicit dependency on target 'UMDevice' in project 'Pods'
    Target 'UMDevice' in project 'Pods' (no dependencies)

GatherProvisioningInputs

CreateBuildDescription

ExecuteExternalTool /Applications/Xcode_26.3.app/Contents/Developer/Toolchains/XcodeDefault.xctoolchain/usr/bin/clang -v -E -dM -isysroot /Applications/Xcode_26.3.app/Contents/Developer/Platforms/iPhoneOS.platform/Developer/SDKs/iPhoneOS26.2.sdk -x c -c /dev/null

ExecuteExternalTool /Applications/Xcode_26.3.app/Contents/Developer/Toolchains/XcodeDefault.xctoolchain/usr/bin/clang -v -E -dM -arch arm64 -isysroot /Applications/Xcode_26.3.app/Contents/Developer/Platforms/iPhoneOS.platform/Developer/SDKs/iPhoneOS26.2.sdk -x c -c /dev/null

ExecuteExternalTool /Applications/Xcode_26.3.app/Contents/Developer/Toolchains/XcodeDefault.xctoolchain/usr/bin/clang -v -E -dM -arch arm64 -isysroot /Applications/Xcode_26.3.app/Contents/Developer/Platforms/iPhoneOS.platform/Developer/SDKs/iPhoneOS26.2.sdk -x objective-c -c /dev/null

ExecuteExternalTool /Applications/Xcode_26.3.app/Contents/Developer/usr/bin/actool --print-asset-tag-combinations --output-format xml1 /Users/runner/work/Voice_Morph/Voice_Morph/Voice_Morph/Resources/Assets.xcassets

ExecuteExternalTool /Applications/Xcode_26.3.app/Contents/Developer/Toolchains/XcodeDefault.xctoolchain/usr/bin/libtool -V

ExecuteExternalTool /Applications/Xcode_26.3.app/Contents/Developer/Toolchains/XcodeDefault.xctoolchain/usr/bin/swiftc --version

ExecuteExternalTool /Applications/Xcode_26.3.app/Contents/Developer/Toolchains/XcodeDefault.xctoolchain/usr/bin/ld -version_details

ExecuteExternalTool /Applications/Xcode_26.3.app/Contents/Developer/usr/bin/actool --version --output-format xml1

Build description signature: d80cba236e263496dc032722e27868d2
Build description path: /Users/runner/Library/Developer/Xcode/DerivedData/Voice_Morph-brlelkdpdbjmyncuxwlkbwvmauzv/Build/Intermediates.noindex/ArchiveIntermediates/Voice_Morph/IntermediateBuildFilesPath/XCBuildData/d80cba236e263496dc032722e27868d2.xcbuilddata
/Users/runner/work/Voice_Morph/Voice_Morph/Pods/Pods.xcodeproj: warning: The iOS deployment target 'IPHONEOS_DEPLOYMENT_TARGET' is set to 9.0, but the range of supported deployment target versions is 12.0 to 26.2.99. (in target 'UMAPM' from project 'Pods')
/Users/runner/work/Voice_Morph/Voice_Morph/Voice_Morph.xcodeproj: error: Signing for "Voice_Morph" requires a development team. Select a development team in the Signing & Capabilities editor that matches the selected profile "appstore-6758512627-20260414063819800". (in target 'Voice_Morph' from project 'Voice_Morph')
/Users/runner/work/Voice_Morph/Voice_Morph/Pods/Pods.xcodeproj: warning: The iOS deployment target 'IPHONEOS_DEPLOYMENT_TARGET' is set to 9.0, but the range of supported deployment target versions is 12.0 to 26.2.99. (in target 'UMDevice' from project 'Pods')
/Users/runner/work/Voice_Morph/Voice_Morph/Pods/Pods.xcodeproj: warning: The iOS deployment target 'IPHONEOS_DEPLOYMENT_TARGET' is set to 9.0, but the range of supported deployment target versions is 12.0 to 26.2.99. (in target 'UMCommon' from project 'Pods')
** ARCHIVE FAILED **


The following build commands failed:
	Archiving workspace Voice_Morph with scheme Voice_Morph
(1 failure)
