Command line invocation:
    /Applications/Xcode_16.4.app/Contents/Developer/usr/bin/xcodebuild archive -workspace ./Measurement_Kit.xcodeproj/project.xcworkspace -scheme Measurement_Kit -configuration Release -destination generic/platform=iOS -archivePath /Users/runner/work/Measurement_Kit/Measurement_Kit/build.xcarchive

ComputePackagePrebuildTargetDependencyGraph

Prepare packages

CreateBuildRequest

SendProjectDescription

CreateBuildOperation

ComputeTargetDependencyGraph
note: Building targets in dependency order
note: Target dependency graph (1 target)
    Target 'Measurement_Kit' in project 'Measurement_Kit' (no dependencies)

GatherProvisioningInputs

CreateBuildDescription

ExecuteExternalTool /Applications/Xcode_16.4.app/Contents/Developer/Toolchains/XcodeDefault.xctoolchain/usr/bin/clang -v -E -dM -arch arm64 -isysroot /Applications/Xcode_16.4.app/Contents/Developer/Platforms/iPhoneOS.platform/Developer/SDKs/iPhoneOS18.5.sdk -x c -c /dev/null

ExecuteExternalTool /Applications/Xcode_16.4.app/Contents/Developer/Toolchains/XcodeDefault.xctoolchain/usr/bin/clang -v -E -dM -isysroot /Applications/Xcode_16.4.app/Contents/Developer/Platforms/iPhoneOS.platform/Developer/SDKs/iPhoneOS18.5.sdk -x c -c /dev/null

ExecuteExternalTool /Applications/Xcode_16.4.app/Contents/Developer/usr/bin/actool --print-asset-tag-combinations --output-format xml1 /Users/runner/work/Measurement_Kit/Measurement_Kit/Measurement_Kit/Resources/Assets.xcassets

ExecuteExternalTool /Applications/Xcode_16.4.app/Contents/Developer/usr/bin/actool --version --output-format xml1

ExecuteExternalTool /Applications/Xcode_16.4.app/Contents/Developer/Toolchains/XcodeDefault.xctoolchain/usr/bin/swiftc --version

ExecuteExternalTool /Applications/Xcode_16.4.app/Contents/Developer/Toolchains/XcodeDefault.xctoolchain/usr/bin/ld -version_details

Build description signature: 44684e171c1013b6da44159ea62085b3
Build description path: /Users/runner/Library/Developer/Xcode/DerivedData/Measurement_Kit-dxloqnmychfjpvfdfwiwotuhchey/Build/Intermediates.noindex/ArchiveIntermediates/Measurement_Kit/IntermediateBuildFilesPath/XCBuildData/44684e171c1013b6da44159ea62085b3.xcbuilddata
CreateBuildDirectory /Users/runner/Library/Developer/Xcode/DerivedData/Measurement_Kit-dxloqnmychfjpvfdfwiwotuhchey/Build/Intermediates.noindex/ArchiveIntermediates/Measurement_Kit/InstallationBuildProductsLocation
    cd /Users/runner/work/Measurement_Kit/Measurement_Kit/Measurement_Kit.xcodeproj
    builtin-create-build-directory /Users/runner/Library/Developer/Xcode/DerivedData/Measurement_Kit-dxloqnmychfjpvfdfwiwotuhchey/Build/Intermediates.noindex/ArchiveIntermediates/Measurement_Kit/InstallationBuildProductsLocation

CreateBuildDirectory /Users/runner/Library/Developer/Xcode/DerivedData/Measurement_Kit-dxloqnmychfjpvfdfwiwotuhchey/Build/Intermediates.noindex/ArchiveIntermediates/Measurement_Kit/IntermediateBuildFilesPath
    cd /Users/runner/work/Measurement_Kit/Measurement_Kit/Measurement_Kit.xcodeproj
    builtin-create-build-directory /Users/runner/Library/Developer/Xcode/DerivedData/Measurement_Kit-dxloqnmychfjpvfdfwiwotuhchey/Build/Intermediates.noindex/ArchiveIntermediates/Measurement_Kit/IntermediateBuildFilesPath

CreateBuildDirectory /Users/runner/Library/Developer/Xcode/DerivedData/Measurement_Kit-dxloqnmychfjpvfdfwiwotuhchey/Build/Intermediates.noindex/ArchiveIntermediates/Measurement_Kit/BuildProductsPath
    cd /Users/runner/work/Measurement_Kit/Measurement_Kit/Measurement_Kit.xcodeproj
    builtin-create-build-directory /Users/runner/Library/Developer/Xcode/DerivedData/Measurement_Kit-dxloqnmychfjpvfdfwiwotuhchey/Build/Intermediates.noindex/ArchiveIntermediates/Measurement_Kit/BuildProductsPath

ClangStatCache /Applications/Xcode_16.4.app/Contents/Developer/Toolchains/XcodeDefault.xctoolchain/usr/bin/clang-stat-cache /Applications/Xcode_16.4.app/Contents/Developer/Platforms/iPhoneOS.platform/Developer/SDKs/iPhoneOS18.5.sdk /Users/runner/Library/Developer/Xcode/DerivedData/SDKStatCaches.noindex/iphoneos18.5-22F76-a529daf784b3616c7c04a36aeb7f5c05.sdkstatcache
    cd /Users/runner/work/Measurement_Kit/Measurement_Kit/Measurement_Kit.xcodeproj
    /Applications/Xcode_16.4.app/Contents/Developer/Toolchains/XcodeDefault.xctoolchain/usr/bin/clang-stat-cache /Applications/Xcode_16.4.app/Contents/Developer/Platforms/iPhoneOS.platform/Developer/SDKs/iPhoneOS18.5.sdk -o /Users/runner/Library/Developer/Xcode/DerivedData/SDKStatCaches.noindex/iphoneos18.5-22F76-a529daf784b3616c7c04a36aeb7f5c05.sdkstatcache

WriteAuxiliaryFile /Users/runner/Library/Developer/Xcode/DerivedData/Measurement_Kit-dxloqnmychfjpvfdfwiwotuhchey/Build/Intermediates.noindex/ArchiveIntermediates/Measurement_Kit/IntermediateBuildFilesPath/Measurement_Kit.build/Release-iphoneos/Measurement_Kit-bbe011fedb90742b4ed175b0b57cddd9-VFS-iphoneos/all-product-headers.yaml
    cd /Users/runner/work/Measurement_Kit/Measurement_Kit/Measurement_Kit.xcodeproj
    write-file /Users/runner/Library/Developer/Xcode/DerivedData/Measurement_Kit-dxloqnmychfjpvfdfwiwotuhchey/Build/Intermediates.noindex/ArchiveIntermediates/Measurement_Kit/IntermediateBuildFilesPath/Measurement_Kit.build/Release-iphoneos/Measurement_Kit-bbe011fedb90742b4ed175b0b57cddd9-VFS-iphoneos/all-product-headers.yaml

CreateBuildDirectory /Users/runner/Library/Developer/Xcode/DerivedData/Measurement_Kit-dxloqnmychfjpvfdfwiwotuhchey/Build/Intermediates.noindex/ArchiveIntermediates/Measurement_Kit/IntermediateBuildFilesPath/EagerLinkingTBDs/Release-iphoneos
    cd /Users/runner/work/Measurement_Kit/Measurement_Kit/Measurement_Kit.xcodeproj
    builtin-create-build-directory /Users/runner/Library/Developer/Xcode/DerivedData/Measurement_Kit-dxloqnmychfjpvfdfwiwotuhchey/Build/Intermediates.noindex/ArchiveIntermediates/Measurement_Kit/IntermediateBuildFilesPath/EagerLinkingTBDs/Release-iphoneos

CreateBuildDirectory /Users/runner/Library/Developer/Xcode/DerivedData/Measurement_Kit-dxloqnmychfjpvfdfwiwotuhchey/Build/Intermediates.noindex/ArchiveIntermediates/Measurement_Kit/BuildProductsPath/Release-iphoneos
    cd /Users/runner/work/Measurement_Kit/Measurement_Kit/Measurement_Kit.xcodeproj
    builtin-create-build-directory /Users/runner/Library/Developer/Xcode/DerivedData/Measurement_Kit-dxloqnmychfjpvfdfwiwotuhchey/Build/Intermediates.noindex/ArchiveIntermediates/Measurement_Kit/BuildProductsPath/Release-iphoneos

WriteAuxiliaryFile /Users/runner/Library/Developer/Xcode/DerivedData/Measurement_Kit-dxloqnmychfjpvfdfwiwotuhchey/Build/Intermediates.noindex/ArchiveIntermediates/Measurement_Kit/IntermediateBuildFilesPath/Measurement_Kit.build/Release-iphoneos/Measurement_Kit.build/Script-B5F14C03EDC2B1B1BE49DAEE.sh (in target 'Measurement_Kit' from project 'Measurement_Kit')
    cd /Users/runner/work/Measurement_Kit/Measurement_Kit
    write-file /Users/runner/Library/Developer/Xcode/DerivedData/Measurement_Kit-dxloqnmychfjpvfdfwiwotuhchey/Build/Intermediates.noindex/ArchiveIntermediates/Measurement_Kit/IntermediateBuildFilesPath/Measurement_Kit.build/Release-iphoneos/Measurement_Kit.build/Script-B5F14C03EDC2B1B1BE49DAEE.sh

WriteAuxiliaryFile /Users/runner/Library/Developer/Xcode/DerivedData/Measurement_Kit-dxloqnmychfjpvfdfwiwotuhchey/Build/Intermediates.noindex/ArchiveIntermediates/Measurement_Kit/IntermediateBuildFilesPath/Measurement_Kit.build/Release-iphoneos/Measurement_Kit.build/Script-8336563E9CB5ECD76BF6287A.sh (in target 'Measurement_Kit' from project 'Measurement_Kit')
    cd /Users/runner/work/Measurement_Kit/Measurement_Kit
    write-file /Users/runner/Library/Developer/Xcode/DerivedData/Measurement_Kit-dxloqnmychfjpvfdfwiwotuhchey/Build/Intermediates.noindex/ArchiveIntermediates/Measurement_Kit/IntermediateBuildFilesPath/Measurement_Kit.build/Release-iphoneos/Measurement_Kit.build/Script-8336563E9CB5ECD76BF6287A.sh

WriteAuxiliaryFile /Users/runner/Library/Developer/Xcode/DerivedData/Measurement_Kit-dxloqnmychfjpvfdfwiwotuhchey/Build/Intermediates.noindex/ArchiveIntermediates/Measurement_Kit/IntermediateBuildFilesPath/Measurement_Kit.build/Release-iphoneos/Measurement_Kit.build/OutputFileList-B5F14C03EDC2B1B1BE49DAEE-Pods-Measurement_Kit-frameworks-Release-output-files-fd08745d22ae6cabaab1d92447de9135-resolved.xcfilelist (in target 'Measurement_Kit' from project 'Measurement_Kit')
    cd /Users/runner/work/Measurement_Kit/Measurement_Kit
    write-file /Users/runner/Library/Developer/Xcode/DerivedData/Measurement_Kit-dxloqnmychfjpvfdfwiwotuhchey/Build/Intermediates.noindex/ArchiveIntermediates/Measurement_Kit/IntermediateBuildFilesPath/Measurement_Kit.build/Release-iphoneos/Measurement_Kit.build/OutputFileList-B5F14C03EDC2B1B1BE49DAEE-Pods-Measurement_Kit-frameworks-Release-output-files-fd08745d22ae6cabaab1d92447de9135-resolved.xcfilelist

WriteAuxiliaryFile /Users/runner/Library/Developer/Xcode/DerivedData/Measurement_Kit-dxloqnmychfjpvfdfwiwotuhchey/Build/Intermediates.noindex/ArchiveIntermediates/Measurement_Kit/IntermediateBuildFilesPath/Measurement_Kit.build/Release-iphoneos/Measurement_Kit.build/Objects-normal/arm64/Measurement_Kit_const_extract_protocols.json (in target 'Measurement_Kit' from project 'Measurement_Kit')
    cd /Users/runner/work/Measurement_Kit/Measurement_Kit
    write-file /Users/runner/Library/Developer/Xcode/DerivedData/Measurement_Kit-dxloqnmychfjpvfdfwiwotuhchey/Build/Intermediates.noindex/ArchiveIntermediates/Measurement_Kit/IntermediateBuildFilesPath/Measurement_Kit.build/Release-iphoneos/Measurement_Kit.build/Objects-normal/arm64/Measurement_Kit_const_extract_protocols.json

WriteAuxiliaryFile /Users/runner/Library/Developer/Xcode/DerivedData/Measurement_Kit-dxloqnmychfjpvfdfwiwotuhchey/Build/Intermediates.noindex/ArchiveIntermediates/Measurement_Kit/IntermediateBuildFilesPath/Measurement_Kit.build/Release-iphoneos/Measurement_Kit.build/Objects-normal/arm64/Measurement_Kit.SwiftFileList (in target 'Measurement_Kit' from project 'Measurement_Kit')
    cd /Users/runner/work/Measurement_Kit/Measurement_Kit
    write-file /Users/runner/Library/Developer/Xcode/DerivedData/Measurement_Kit-dxloqnmychfjpvfdfwiwotuhchey/Build/Intermediates.noindex/ArchiveIntermediates/Measurement_Kit/IntermediateBuildFilesPath/Measurement_Kit.build/Release-iphoneos/Measurement_Kit.build/Objects-normal/arm64/Measurement_Kit.SwiftFileList

WriteAuxiliaryFile /Users/runner/Library/Developer/Xcode/DerivedData/Measurement_Kit-dxloqnmychfjpvfdfwiwotuhchey/Build/Intermediates.noindex/ArchiveIntermediates/Measurement_Kit/IntermediateBuildFilesPath/Measurement_Kit.build/Release-iphoneos/Measurement_Kit.build/Objects-normal/arm64/Measurement_Kit.SwiftConstValuesFileList (in target 'Measurement_Kit' from project 'Measurement_Kit')
    cd /Users/runner/work/Measurement_Kit/Measurement_Kit
    write-file /Users/runner/Library/Developer/Xcode/DerivedData/Measurement_Kit-dxloqnmychfjpvfdfwiwotuhchey/Build/Intermediates.noindex/ArchiveIntermediates/Measurement_Kit/IntermediateBuildFilesPath/Measurement_Kit.build/Release-iphoneos/Measurement_Kit.build/Objects-normal/arm64/Measurement_Kit.SwiftConstValuesFileList

WriteAuxiliaryFile /Users/runner/Library/Developer/Xcode/DerivedData/Measurement_Kit-dxloqnmychfjpvfdfwiwotuhchey/Build/Intermediates.noindex/ArchiveIntermediates/Measurement_Kit/IntermediateBuildFilesPath/Measurement_Kit.build/Release-iphoneos/Measurement_Kit.build/Objects-normal/arm64/Measurement_Kit.LinkFileList (in target 'Measurement_Kit' from project 'Measurement_Kit')
    cd /Users/runner/work/Measurement_Kit/Measurement_Kit
    write-file /Users/runner/Library/Developer/Xcode/DerivedData/Measurement_Kit-dxloqnmychfjpvfdfwiwotuhchey/Build/Intermediates.noindex/ArchiveIntermediates/Measurement_Kit/IntermediateBuildFilesPath/Measurement_Kit.build/Release-iphoneos/Measurement_Kit.build/Objects-normal/arm64/Measurement_Kit.LinkFileList

WriteAuxiliaryFile /Users/runner/Library/Developer/Xcode/DerivedData/Measurement_Kit-dxloqnmychfjpvfdfwiwotuhchey/Build/Intermediates.noindex/ArchiveIntermediates/Measurement_Kit/IntermediateBuildFilesPath/Measurement_Kit.build/Release-iphoneos/Measurement_Kit.build/Objects-normal/arm64/Measurement_Kit-OutputFileMap.json (in target 'Measurement_Kit' from project 'Measurement_Kit')
    cd /Users/runner/work/Measurement_Kit/Measurement_Kit
    write-file /Users/runner/Library/Developer/Xcode/DerivedData/Measurement_Kit-dxloqnmychfjpvfdfwiwotuhchey/Build/Intermediates.noindex/ArchiveIntermediates/Measurement_Kit/IntermediateBuildFilesPath/Measurement_Kit.build/Release-iphoneos/Measurement_Kit.build/Objects-normal/arm64/Measurement_Kit-OutputFileMap.json

WriteAuxiliaryFile /Users/runner/Library/Developer/Xcode/DerivedData/Measurement_Kit-dxloqnmychfjpvfdfwiwotuhchey/Build/Intermediates.noindex/ArchiveIntermediates/Measurement_Kit/IntermediateBuildFilesPath/Measurement_Kit.build/Release-iphoneos/Measurement_Kit.build/Objects-normal/arm64/7187679823f38a2a940e0043cdf9d637-common-args.resp (in target 'Measurement_Kit' from project 'Measurement_Kit')
    cd /Users/runner/work/Measurement_Kit/Measurement_Kit
    write-file /Users/runner/Library/Developer/Xcode/DerivedData/Measurement_Kit-dxloqnmychfjpvfdfwiwotuhchey/Build/Intermediates.noindex/ArchiveIntermediates/Measurement_Kit/IntermediateBuildFilesPath/Measurement_Kit.build/Release-iphoneos/Measurement_Kit.build/Objects-normal/arm64/7187679823f38a2a940e0043cdf9d637-common-args.resp
-target arm64-apple-ios16.0 '-std=gnu11' -fmodules -gmodules '-fmodules-cache-path=/Users/runner/Library/Developer/Xcode/DerivedData/ModuleCache.noindex' -fpascal-strings -Os -fno-common '-DCOCOAPODS=1' -isysroot /Applications/Xcode_16.4.app/Contents/Developer/Platforms/iPhoneOS.platform/Developer/SDKs/iPhoneOS18.5.sdk -g '-fvisibility=hidden' -iquote /Users/runner/Library/Developer/Xcode/DerivedData/Measurement_Kit-dxloqnmychfjpvfdfwiwotuhchey/Build/Intermediates.noindex/ArchiveIntermediates/Measurement_Kit/IntermediateBuildFilesPath/Measurement_Kit.build/Release-iphoneos/Measurement_Kit.build/Measurement_Kit-generated-files.hmap -I/Users/runner/Library/Developer/Xcode/DerivedData/Measurement_Kit-dxloqnmychfjpvfdfwiwotuhchey/Build/Intermediates.noindex/ArchiveIntermediates/Measurement_Kit/IntermediateBuildFilesPath/Measurement_Kit.build/Release-iphoneos/Measurement_Kit.build/Measurement_Kit-own-target-headers.hmap -I/Users/runner/Library/Developer/Xcode/DerivedData/Measurement_Kit-dxloqnmychfjpvfdfwiwotuhchey/Build/Intermediates.noindex/ArchiveIntermediates/Measurement_Kit/IntermediateBuildFilesPath/Measurement_Kit.build/Release-iphoneos/Measurement_Kit.build/Measurement_Kit-all-target-headers.hmap -iquote /Users/runner/Library/Developer/Xcode/DerivedData/Measurement_Kit-dxloqnmychfjpvfdfwiwotuhchey/Build/Intermediates.noindex/ArchiveIntermediates/Measurement_Kit/IntermediateBuildFilesPath/Measurement_Kit.build/Release-iphoneos/Measurement_Kit.build/Measurement_Kit-project-headers.hmap -I/Users/runner/Library/Developer/Xcode/DerivedData/Measurement_Kit-dxloqnmychfjpvfdfwiwotuhchey/Build/Intermediates.noindex/ArchiveIntermediates/Measurement_Kit/BuildProductsPath/Release-iphoneos/include -I/Users/runner/Library/Developer/Xcode/DerivedData/Measurement_Kit-dxloqnmychfjpvfdfwiwotuhchey/Build/Intermediates.noindex/ArchiveIntermediates/Measurement_Kit/BuildProductsPath/Release-iphoneos/CaoRuiSubscriptionKit/CaoRuiSubscriptionKit.framework/Headers -I/Users/runner/Library/Developer/Xcode/DerivedData/Measurement_Kit-dxloqnmychfjpvfdfwiwotuhchey/Build/Intermediates.noindex/ArchiveIntermediates/Measurement_Kit/BuildProductsPath/Release-iphoneos/SVProgressHUD/SVProgressHUD.framework/Headers -I/Users/runner/Library/Developer/Xcode/DerivedData/Measurement_Kit-dxloqnmychfjpvfdfwiwotuhchey/Build/Intermediates.noindex/ArchiveIntermediates/Measurement_Kit/IntermediateBuildFilesPath/Measurement_Kit.build/Release-iphoneos/Measurement_Kit.build/DerivedSources-normal/arm64 -I/Users/runner/Library/Developer/Xcode/DerivedData/Measurement_Kit-dxloqnmychfjpvfdfwiwotuhchey/Build/Intermediates.noindex/ArchiveIntermediates/Measurement_Kit/IntermediateBuildFilesPath/Measurement_Kit.build/Release-iphoneos/Measurement_Kit.build/DerivedSources/arm64 -I/Users/runner/Library/Developer/Xcode/DerivedData/Measurement_Kit-dxloqnmychfjpvfdfwiwotuhchey/Build/Intermediates.noindex/ArchiveIntermediates/Measurement_Kit/IntermediateBuildFilesPath/Measurement_Kit.build/Release-iphoneos/Measurement_Kit.build/DerivedSources -F/Users/runner/Library/Developer/Xcode/DerivedData/Measurement_Kit-dxloqnmychfjpvfdfwiwotuhchey/Build/Intermediates.noindex/ArchiveIntermediates/Measurement_Kit/BuildProductsPath/Release-iphoneos -F/Users/runner/Library/Developer/Xcode/DerivedData/Measurement_Kit-dxloqnmychfjpvfdfwiwotuhchey/Build/Intermediates.noindex/ArchiveIntermediates/Measurement_Kit/BuildProductsPath/Release-iphoneos/CaoRuiSubscriptionKit -F/Users/runner/Library/Developer/Xcode/DerivedData/Measurement_Kit-dxloqnmychfjpvfdfwiwotuhchey/Build/Intermediates.noindex/ArchiveIntermediates/Measurement_Kit/BuildProductsPath/Release-iphoneos/SVProgressHUD -F/Users/runner/work/Measurement_Kit/Measurement_Kit/Pods/UMAPM/UMAPM_2.0.7 -F/Users/runner/work/Measurement_Kit/Measurement_Kit/Pods/UMCommon/UMCommon_7.5.8 -F/Users/runner/work/Measurement_Kit/Measurement_Kit/Pods/UMDevice/UMDevice_3.5.0 -F/Users/runner/Library/Developer/Xcode/DerivedData/Measurement_Kit-dxloqnmychfjpvfdfwiwotuhchey/Build/Intermediates.noindex/ArchiveIntermediates/Measurement_Kit/BuildProductsPath/Release-iphoneos/XCFrameworkIntermediates/UMAPM -F/Users/runner/Library/Developer/Xcode/DerivedData/Measurement_Kit-dxloqnmychfjpvfdfwiwotuhchey/Build/Intermediates.noindex/ArchiveIntermediates/Measurement_Kit/BuildProductsPath/Release-iphoneos/XCFrameworkIntermediates/UMCommon -F/Users/runner/Library/Developer/Xcode/DerivedData/Measurement_Kit-dxloqnmychfjpvfdfwiwotuhchey/Build/Intermediates.noindex/ArchiveIntermediates/Measurement_Kit/BuildProductsPath/Release-iphoneos/XCFrameworkIntermediates/UMDevice

WriteAuxiliaryFile /Users/runner/Library/Developer/Xcode/DerivedData/Measurement_Kit-dxloqnmychfjpvfdfwiwotuhchey/Build/Intermediates.noindex/ArchiveIntermediates/Measurement_Kit/IntermediateBuildFilesPath/Measurement_Kit.build/Release-iphoneos/Measurement_Kit.build/Measurement_Kit.hmap (in target 'Measurement_Kit' from project 'Measurement_Kit')
    cd /Users/runner/work/Measurement_Kit/Measurement_Kit
    write-file /Users/runner/Library/Developer/Xcode/DerivedData/Measurement_Kit-dxloqnmychfjpvfdfwiwotuhchey/Build/Intermediates.noindex/ArchiveIntermediates/Measurement_Kit/IntermediateBuildFilesPath/Measurement_Kit.build/Release-iphoneos/Measurement_Kit.build/Measurement_Kit.hmap

WriteAuxiliaryFile /Users/runner/Library/Developer/Xcode/DerivedData/Measurement_Kit-dxloqnmychfjpvfdfwiwotuhchey/Build/Intermediates.noindex/ArchiveIntermediates/Measurement_Kit/IntermediateBuildFilesPath/Measurement_Kit.build/Release-iphoneos/Measurement_Kit.build/Measurement_Kit.DependencyStaticMetadataFileList (in target 'Measurement_Kit' from project 'Measurement_Kit')
    cd /Users/runner/work/Measurement_Kit/Measurement_Kit
    write-file /Users/runner/Library/Developer/Xcode/DerivedData/Measurement_Kit-dxloqnmychfjpvfdfwiwotuhchey/Build/Intermediates.noindex/ArchiveIntermediates/Measurement_Kit/IntermediateBuildFilesPath/Measurement_Kit.build/Release-iphoneos/Measurement_Kit.build/Measurement_Kit.DependencyStaticMetadataFileList

WriteAuxiliaryFile /Users/runner/Library/Developer/Xcode/DerivedData/Measurement_Kit-dxloqnmychfjpvfdfwiwotuhchey/Build/Intermediates.noindex/ArchiveIntermediates/Measurement_Kit/IntermediateBuildFilesPath/Measurement_Kit.build/Release-iphoneos/Measurement_Kit.build/Measurement_Kit.DependencyMetadataFileList (in target 'Measurement_Kit' from project 'Measurement_Kit')
    cd /Users/runner/work/Measurement_Kit/Measurement_Kit
    write-file /Users/runner/Library/Developer/Xcode/DerivedData/Measurement_Kit-dxloqnmychfjpvfdfwiwotuhchey/Build/Intermediates.noindex/ArchiveIntermediates/Measurement_Kit/IntermediateBuildFilesPath/Measurement_Kit.build/Release-iphoneos/Measurement_Kit.build/Measurement_Kit.DependencyMetadataFileList

WriteAuxiliaryFile /Users/runner/Library/Developer/Xcode/DerivedData/Measurement_Kit-dxloqnmychfjpvfdfwiwotuhchey/Build/Intermediates.noindex/ArchiveIntermediates/Measurement_Kit/IntermediateBuildFilesPath/Measurement_Kit.build/Release-iphoneos/Measurement_Kit.build/Measurement_Kit-project-headers.hmap (in target 'Measurement_Kit' from project 'Measurement_Kit')
    cd /Users/runner/work/Measurement_Kit/Measurement_Kit
    write-file /Users/runner/Library/Developer/Xcode/DerivedData/Measurement_Kit-dxloqnmychfjpvfdfwiwotuhchey/Build/Intermediates.noindex/ArchiveIntermediates/Measurement_Kit/IntermediateBuildFilesPath/Measurement_Kit.build/Release-iphoneos/Measurement_Kit.build/Measurement_Kit-project-headers.hmap

WriteAuxiliaryFile /Users/runner/Library/Developer/Xcode/DerivedData/Measurement_Kit-dxloqnmychfjpvfdfwiwotuhchey/Build/Intermediates.noindex/ArchiveIntermediates/Measurement_Kit/IntermediateBuildFilesPath/Measurement_Kit.build/Release-iphoneos/Measurement_Kit.build/Measurement_Kit-own-target-headers.hmap (in target 'Measurement_Kit' from project 'Measurement_Kit')
    cd /Users/runner/work/Measurement_Kit/Measurement_Kit
    write-file /Users/runner/Library/Developer/Xcode/DerivedData/Measurement_Kit-dxloqnmychfjpvfdfwiwotuhchey/Build/Intermediates.noindex/ArchiveIntermediates/Measurement_Kit/IntermediateBuildFilesPath/Measurement_Kit.build/Release-iphoneos/Measurement_Kit.build/Measurement_Kit-own-target-headers.hmap

WriteAuxiliaryFile /Users/runner/Library/Developer/Xcode/DerivedData/Measurement_Kit-dxloqnmychfjpvfdfwiwotuhchey/Build/Intermediates.noindex/ArchiveIntermediates/Measurement_Kit/IntermediateBuildFilesPath/Measurement_Kit.build/Release-iphoneos/Measurement_Kit.build/Measurement_Kit-generated-files.hmap (in target 'Measurement_Kit' from project 'Measurement_Kit')
    cd /Users/runner/work/Measurement_Kit/Measurement_Kit
    write-file /Users/runner/Library/Developer/Xcode/DerivedData/Measurement_Kit-dxloqnmychfjpvfdfwiwotuhchey/Build/Intermediates.noindex/ArchiveIntermediates/Measurement_Kit/IntermediateBuildFilesPath/Measurement_Kit.build/Release-iphoneos/Measurement_Kit.build/Measurement_Kit-generated-files.hmap

WriteAuxiliaryFile /Users/runner/Library/Developer/Xcode/DerivedData/Measurement_Kit-dxloqnmychfjpvfdfwiwotuhchey/Build/Intermediates.noindex/ArchiveIntermediates/Measurement_Kit/IntermediateBuildFilesPath/Measurement_Kit.build/Release-iphoneos/Measurement_Kit.build/Measurement_Kit-all-target-headers.hmap (in target 'Measurement_Kit' from project 'Measurement_Kit')
    cd /Users/runner/work/Measurement_Kit/Measurement_Kit
    write-file /Users/runner/Library/Developer/Xcode/DerivedData/Measurement_Kit-dxloqnmychfjpvfdfwiwotuhchey/Build/Intermediates.noindex/ArchiveIntermediates/Measurement_Kit/IntermediateBuildFilesPath/Measurement_Kit.build/Release-iphoneos/Measurement_Kit.build/Measurement_Kit-all-target-headers.hmap

WriteAuxiliaryFile /Users/runner/Library/Developer/Xcode/DerivedData/Measurement_Kit-dxloqnmychfjpvfdfwiwotuhchey/Build/Intermediates.noindex/ArchiveIntermediates/Measurement_Kit/IntermediateBuildFilesPath/Measurement_Kit.build/Release-iphoneos/Measurement_Kit.build/Measurement_Kit-all-non-framework-target-headers.hmap (in target 'Measurement_Kit' from project 'Measurement_Kit')
    cd /Users/runner/work/Measurement_Kit/Measurement_Kit
    write-file /Users/runner/Library/Developer/Xcode/DerivedData/Measurement_Kit-dxloqnmychfjpvfdfwiwotuhchey/Build/Intermediates.noindex/ArchiveIntermediates/Measurement_Kit/IntermediateBuildFilesPath/Measurement_Kit.build/Release-iphoneos/Measurement_Kit.build/Measurement_Kit-all-non-framework-target-headers.hmap

WriteAuxiliaryFile /Users/runner/Library/Developer/Xcode/DerivedData/Measurement_Kit-dxloqnmychfjpvfdfwiwotuhchey/Build/Intermediates.noindex/ArchiveIntermediates/Measurement_Kit/IntermediateBuildFilesPath/Measurement_Kit.build/Release-iphoneos/Measurement_Kit.build/InputFileList-B5F14C03EDC2B1B1BE49DAEE-Pods-Measurement_Kit-frameworks-Release-input-files-3b8c04b48fa9fcfb12a25f591131077c-resolved.xcfilelist (in target 'Measurement_Kit' from project 'Measurement_Kit')
    cd /Users/runner/work/Measurement_Kit/Measurement_Kit
    write-file /Users/runner/Library/Developer/Xcode/DerivedData/Measurement_Kit-dxloqnmychfjpvfdfwiwotuhchey/Build/Intermediates.noindex/ArchiveIntermediates/Measurement_Kit/IntermediateBuildFilesPath/Measurement_Kit.build/Release-iphoneos/Measurement_Kit.build/InputFileList-B5F14C03EDC2B1B1BE49DAEE-Pods-Measurement_Kit-frameworks-Release-input-files-3b8c04b48fa9fcfb12a25f591131077c-resolved.xcfilelist

WriteAuxiliaryFile /Users/runner/Library/Developer/Xcode/DerivedData/Measurement_Kit-dxloqnmychfjpvfdfwiwotuhchey/Build/Intermediates.noindex/ArchiveIntermediates/Measurement_Kit/IntermediateBuildFilesPath/Measurement_Kit.build/Release-iphoneos/Measurement_Kit.build/DerivedSources/Measurement_Kit_vers.c (in target 'Measurement_Kit' from project 'Measurement_Kit')
    cd /Users/runner/work/Measurement_Kit/Measurement_Kit
    write-file /Users/runner/Library/Developer/Xcode/DerivedData/Measurement_Kit-dxloqnmychfjpvfdfwiwotuhchey/Build/Intermediates.noindex/ArchiveIntermediates/Measurement_Kit/IntermediateBuildFilesPath/Measurement_Kit.build/Release-iphoneos/Measurement_Kit.build/DerivedSources/Measurement_Kit_vers.c

WriteAuxiliaryFile /Users/runner/Library/Developer/Xcode/DerivedData/Measurement_Kit-dxloqnmychfjpvfdfwiwotuhchey/Build/Intermediates.noindex/ArchiveIntermediates/Measurement_Kit/IntermediateBuildFilesPath/Measurement_Kit.build/Release-iphoneos/Measurement_Kit.build/DerivedSources/Entitlements.plist (in target 'Measurement_Kit' from project 'Measurement_Kit')
    cd /Users/runner/work/Measurement_Kit/Measurement_Kit
    write-file /Users/runner/Library/Developer/Xcode/DerivedData/Measurement_Kit-dxloqnmychfjpvfdfwiwotuhchey/Build/Intermediates.noindex/ArchiveIntermediates/Measurement_Kit/IntermediateBuildFilesPath/Measurement_Kit.build/Release-iphoneos/Measurement_Kit.build/DerivedSources/Entitlements.plist

SymLink /Users/runner/Library/Developer/Xcode/DerivedData/Measurement_Kit-dxloqnmychfjpvfdfwiwotuhchey/Build/Intermediates.noindex/ArchiveIntermediates/Measurement_Kit/BuildProductsPath/Release-iphoneos/Measurement_Kit.app ../../InstallationBuildProductsLocation/Applications/Measurement_Kit.app (in target 'Measurement_Kit' from project 'Measurement_Kit')
    cd /Users/runner/work/Measurement_Kit/Measurement_Kit
    /bin/ln -sfh ../../InstallationBuildProductsLocation/Applications/Measurement_Kit.app /Users/runner/Library/Developer/Xcode/DerivedData/Measurement_Kit-dxloqnmychfjpvfdfwiwotuhchey/Build/Intermediates.noindex/ArchiveIntermediates/Measurement_Kit/BuildProductsPath/Release-iphoneos/Measurement_Kit.app

MkDir /Users/runner/Library/Developer/Xcode/DerivedData/Measurement_Kit-dxloqnmychfjpvfdfwiwotuhchey/Build/Intermediates.noindex/ArchiveIntermediates/Measurement_Kit/InstallationBuildProductsLocation/Applications/Measurement_Kit.app/Frameworks (in target 'Measurement_Kit' from project 'Measurement_Kit')
    cd /Users/runner/work/Measurement_Kit/Measurement_Kit
    /bin/mkdir -p /Users/runner/Library/Developer/Xcode/DerivedData/Measurement_Kit-dxloqnmychfjpvfdfwiwotuhchey/Build/Intermediates.noindex/ArchiveIntermediates/Measurement_Kit/InstallationBuildProductsLocation/Applications/Measurement_Kit.app/Frameworks

MkDir /Users/runner/Library/Developer/Xcode/DerivedData/Measurement_Kit-dxloqnmychfjpvfdfwiwotuhchey/Build/Intermediates.noindex/ArchiveIntermediates/Measurement_Kit/InstallationBuildProductsLocation/Applications/Measurement_Kit.app (in target 'Measurement_Kit' from project 'Measurement_Kit')
    cd /Users/runner/work/Measurement_Kit/Measurement_Kit
    /bin/mkdir -p /Users/runner/Library/Developer/Xcode/DerivedData/Measurement_Kit-dxloqnmychfjpvfdfwiwotuhchey/Build/Intermediates.noindex/ArchiveIntermediates/Measurement_Kit/InstallationBuildProductsLocation/Applications/Measurement_Kit.app

ProcessProductPackaging /Users/runner/Library/MobileDevice/Provisioning\ Profiles/89e398e2-017a-4c77-be47-5b0834f7be62.mobileprovision /Users/runner/Library/Developer/Xcode/DerivedData/Measurement_Kit-dxloqnmychfjpvfdfwiwotuhchey/Build/Intermediates.noindex/ArchiveIntermediates/Measurement_Kit/InstallationBuildProductsLocation/Applications/Measurement_Kit.app/embedded.mobileprovision (in target 'Measurement_Kit' from project 'Measurement_Kit')
    cd /Users/runner/work/Measurement_Kit/Measurement_Kit
    builtin-productPackagingUtility /Users/runner/Library/MobileDevice/Provisioning\ Profiles/89e398e2-017a-4c77-be47-5b0834f7be62.mobileprovision -o /Users/runner/Library/Developer/Xcode/DerivedData/Measurement_Kit-dxloqnmychfjpvfdfwiwotuhchey/Build/Intermediates.noindex/ArchiveIntermediates/Measurement_Kit/InstallationBuildProductsLocation/Applications/Measurement_Kit.app/embedded.mobileprovision

ProcessProductPackaging "" /Users/runner/Library/Developer/Xcode/DerivedData/Measurement_Kit-dxloqnmychfjpvfdfwiwotuhchey/Build/Intermediates.noindex/ArchiveIntermediates/Measurement_Kit/IntermediateBuildFilesPath/Measurement_Kit.build/Release-iphoneos/Measurement_Kit.build/Measurement_Kit.app.xcent (in target 'Measurement_Kit' from project 'Measurement_Kit')
    cd /Users/runner/work/Measurement_Kit/Measurement_Kit
    
    Entitlements:
    
    {
    "application-identifier" = "GY5F3RLK68.com.kit.abscond";
    "beta-reports-active" = 1;
    "com.apple.developer.team-identifier" = GY5F3RLK68;
    "get-task-allow" = 0;
}
    
    builtin-productPackagingUtility -entitlements -format xml -o /Users/runner/Library/Developer/Xcode/DerivedData/Measurement_Kit-dxloqnmychfjpvfdfwiwotuhchey/Build/Intermediates.noindex/ArchiveIntermediates/Measurement_Kit/IntermediateBuildFilesPath/Measurement_Kit.build/Release-iphoneos/Measurement_Kit.build/Measurement_Kit.app.xcent

ProcessProductPackagingDER /Users/runner/Library/Developer/Xcode/DerivedData/Measurement_Kit-dxloqnmychfjpvfdfwiwotuhchey/Build/Intermediates.noindex/ArchiveIntermediates/Measurement_Kit/IntermediateBuildFilesPath/Measurement_Kit.build/Release-iphoneos/Measurement_Kit.build/Measurement_Kit.app.xcent /Users/runner/Library/Developer/Xcode/DerivedData/Measurement_Kit-dxloqnmychfjpvfdfwiwotuhchey/Build/Intermediates.noindex/ArchiveIntermediates/Measurement_Kit/IntermediateBuildFilesPath/Measurement_Kit.build/Release-iphoneos/Measurement_Kit.build/Measurement_Kit.app.xcent.der (in target 'Measurement_Kit' from project 'Measurement_Kit')
    cd /Users/runner/work/Measurement_Kit/Measurement_Kit
    /usr/bin/derq query -f xml -i /Users/runner/Library/Developer/Xcode/DerivedData/Measurement_Kit-dxloqnmychfjpvfdfwiwotuhchey/Build/Intermediates.noindex/ArchiveIntermediates/Measurement_Kit/IntermediateBuildFilesPath/Measurement_Kit.build/Release-iphoneos/Measurement_Kit.build/Measurement_Kit.app.xcent -o /Users/runner/Library/Developer/Xcode/DerivedData/Measurement_Kit-dxloqnmychfjpvfdfwiwotuhchey/Build/Intermediates.noindex/ArchiveIntermediates/Measurement_Kit/IntermediateBuildFilesPath/Measurement_Kit.build/Release-iphoneos/Measurement_Kit.build/Measurement_Kit.app.xcent.der --raw

PhaseScriptExecution [CP]\ Check\ Pods\ Manifest.lock /Users/runner/Library/Developer/Xcode/DerivedData/Measurement_Kit-dxloqnmychfjpvfdfwiwotuhchey/Build/Intermediates.noindex/ArchiveIntermediates/Measurement_Kit/IntermediateBuildFilesPath/Measurement_Kit.build/Release-iphoneos/Measurement_Kit.build/Script-8336563E9CB5ECD76BF6287A.sh (in target 'Measurement_Kit' from project 'Measurement_Kit')
    cd /Users/runner/work/Measurement_Kit/Measurement_Kit
    /bin/sh -c /Users/runner/Library/Developer/Xcode/DerivedData/Measurement_Kit-dxloqnmychfjpvfdfwiwotuhchey/Build/Intermediates.noindex/ArchiveIntermediates/Measurement_Kit/IntermediateBuildFilesPath/Measurement_Kit.build/Release-iphoneos/Measurement_Kit.build/Script-8336563E9CB5ECD76BF6287A.sh

MkDir /Users/runner/Library/Developer/Xcode/DerivedData/Measurement_Kit-dxloqnmychfjpvfdfwiwotuhchey/Build/Intermediates.noindex/ArchiveIntermediates/Measurement_Kit/IntermediateBuildFilesPath/Measurement_Kit.build/Release-iphoneos/Measurement_Kit.build/assetcatalog_output/unthinned (in target 'Measurement_Kit' from project 'Measurement_Kit')
    cd /Users/runner/work/Measurement_Kit/Measurement_Kit
    /bin/mkdir -p /Users/runner/Library/Developer/Xcode/DerivedData/Measurement_Kit-dxloqnmychfjpvfdfwiwotuhchey/Build/Intermediates.noindex/ArchiveIntermediates/Measurement_Kit/IntermediateBuildFilesPath/Measurement_Kit.build/Release-iphoneos/Measurement_Kit.build/assetcatalog_output/unthinned

MkDir /Users/runner/Library/Developer/Xcode/DerivedData/Measurement_Kit-dxloqnmychfjpvfdfwiwotuhchey/Build/Intermediates.noindex/ArchiveIntermediates/Measurement_Kit/IntermediateBuildFilesPath/Measurement_Kit.build/Release-iphoneos/Measurement_Kit.build/assetcatalog_output/thinned (in target 'Measurement_Kit' from project 'Measurement_Kit')
    cd /Users/runner/work/Measurement_Kit/Measurement_Kit
    /bin/mkdir -p /Users/runner/Library/Developer/Xcode/DerivedData/Measurement_Kit-dxloqnmychfjpvfdfwiwotuhchey/Build/Intermediates.noindex/ArchiveIntermediates/Measurement_Kit/IntermediateBuildFilesPath/Measurement_Kit.build/Release-iphoneos/Measurement_Kit.build/assetcatalog_output/thinned

GenerateAssetSymbols /Users/runner/work/Measurement_Kit/Measurement_Kit/Measurement_Kit/Resources/Assets.xcassets (in target 'Measurement_Kit' from project 'Measurement_Kit')
    cd /Users/runner/work/Measurement_Kit/Measurement_Kit
    /Applications/Xcode_16.4.app/Contents/Developer/usr/bin/actool /Users/runner/work/Measurement_Kit/Measurement_Kit/Measurement_Kit/Resources/Assets.xcassets --compile /Users/runner/Library/Developer/Xcode/DerivedData/Measurement_Kit-dxloqnmychfjpvfdfwiwotuhchey/Build/Intermediates.noindex/ArchiveIntermediates/Measurement_Kit/InstallationBuildProductsLocation/Applications/Measurement_Kit.app --output-format human-readable-text --notices --warnings --export-dependency-info /Users/runner/Library/Developer/Xcode/DerivedData/Measurement_Kit-dxloqnmychfjpvfdfwiwotuhchey/Build/Intermediates.noindex/ArchiveIntermediates/Measurement_Kit/IntermediateBuildFilesPath/Measurement_Kit.build/Release-iphoneos/Measurement_Kit.build/assetcatalog_dependencies --output-partial-info-plist /Users/runner/Library/Developer/Xcode/DerivedData/Measurement_Kit-dxloqnmychfjpvfdfwiwotuhchey/Build/Intermediates.noindex/ArchiveIntermediates/Measurement_Kit/IntermediateBuildFilesPath/Measurement_Kit.build/Release-iphoneos/Measurement_Kit.build/assetcatalog_generated_info.plist --app-icon AppIcon --compress-pngs --enable-on-demand-resources YES --development-region en --target-device iphone --minimum-deployment-target 16.0 --platform iphoneos --bundle-identifier com.kit.abscond --generate-swift-asset-symbol-extensions NO --generate-swift-asset-symbols /Users/runner/Library/Developer/Xcode/DerivedData/Measurement_Kit-dxloqnmychfjpvfdfwiwotuhchey/Build/Intermediates.noindex/ArchiveIntermediates/Measurement_Kit/IntermediateBuildFilesPath/Measurement_Kit.build/Release-iphoneos/Measurement_Kit.build/DerivedSources/GeneratedAssetSymbols.swift --generate-objc-asset-symbols /Users/runner/Library/Developer/Xcode/DerivedData/Measurement_Kit-dxloqnmychfjpvfdfwiwotuhchey/Build/Intermediates.noindex/ArchiveIntermediates/Measurement_Kit/IntermediateBuildFilesPath/Measurement_Kit.build/Release-iphoneos/Measurement_Kit.build/DerivedSources/GeneratedAssetSymbols.h --generate-asset-symbol-index /Users/runner/Library/Developer/Xcode/DerivedData/Measurement_Kit-dxloqnmychfjpvfdfwiwotuhchey/Build/Intermediates.noindex/ArchiveIntermediates/Measurement_Kit/IntermediateBuildFilesPath/Measurement_Kit.build/Release-iphoneos/Measurement_Kit.build/DerivedSources/GeneratedAssetSymbols-Index.plist
/* com.apple.actool.compilation-results */
/Users/runner/Library/Developer/Xcode/DerivedData/Measurement_Kit-dxloqnmychfjpvfdfwiwotuhchey/Build/Intermediates.noindex/ArchiveIntermediates/Measurement_Kit/IntermediateBuildFilesPath/Measurement_Kit.build/Release-iphoneos/Measurement_Kit.build/DerivedSources/GeneratedAssetSymbols-Index.plist
/Users/runner/Library/Developer/Xcode/DerivedData/Measurement_Kit-dxloqnmychfjpvfdfwiwotuhchey/Build/Intermediates.noindex/ArchiveIntermediates/Measurement_Kit/IntermediateBuildFilesPath/Measurement_Kit.build/Release-iphoneos/Measurement_Kit.build/DerivedSources/GeneratedAssetSymbols.h
/Users/runner/Library/Developer/Xcode/DerivedData/Measurement_Kit-dxloqnmychfjpvfdfwiwotuhchey/Build/Intermediates.noindex/ArchiveIntermediates/Measurement_Kit/IntermediateBuildFilesPath/Measurement_Kit.build/Release-iphoneos/Measurement_Kit.build/DerivedSources/GeneratedAssetSymbols.swift


CopyStringsFile /Users/runner/Library/Developer/Xcode/DerivedData/Measurement_Kit-dxloqnmychfjpvfdfwiwotuhchey/Build/Intermediates.noindex/ArchiveIntermediates/Measurement_Kit/InstallationBuildProductsLocation/Applications/Measurement_Kit.app/zh-Hans.lproj/Localizable.strings /Users/runner/work/Measurement_Kit/Measurement_Kit/Measurement_Kit/zh-Hans.lproj/Localizable.strings (in target 'Measurement_Kit' from project 'Measurement_Kit')
    cd /Users/runner/work/Measurement_Kit/Measurement_Kit
    builtin-copyStrings --validate --outputencoding binary --outfilename Localizable.strings --outdir /Users/runner/Library/Developer/Xcode/DerivedData/Measurement_Kit-dxloqnmychfjpvfdfwiwotuhchey/Build/Intermediates.noindex/ArchiveIntermediates/Measurement_Kit/InstallationBuildProductsLocation/Applications/Measurement_Kit.app/zh-Hans.lproj -- /Users/runner/work/Measurement_Kit/Measurement_Kit/Measurement_Kit/zh-Hans.lproj/Localizable.strings
/Users/runner/work/Measurement_Kit/Measurement_Kit/Measurement_Kit/zh-Hans.lproj/Localizable.strings:1:1: note: detected encoding of input file as Unicode (UTF-8) (in target 'Measurement_Kit' from project 'Measurement_Kit')

CopyStringsFile /Users/runner/Library/Developer/Xcode/DerivedData/Measurement_Kit-dxloqnmychfjpvfdfwiwotuhchey/Build/Intermediates.noindex/ArchiveIntermediates/Measurement_Kit/InstallationBuildProductsLocation/Applications/Measurement_Kit.app/zh-Hans.lproj/InfoPlist.strings /Users/runner/work/Measurement_Kit/Measurement_Kit/Measurement_Kit/zh-Hans.lproj/InfoPlist.strings (in target 'Measurement_Kit' from project 'Measurement_Kit')
    cd /Users/runner/work/Measurement_Kit/Measurement_Kit
    builtin-copyStrings --validate --outputencoding binary --outfilename InfoPlist.strings --outdir /Users/runner/Library/Developer/Xcode/DerivedData/Measurement_Kit-dxloqnmychfjpvfdfwiwotuhchey/Build/Intermediates.noindex/ArchiveIntermediates/Measurement_Kit/InstallationBuildProductsLocation/Applications/Measurement_Kit.app/zh-Hans.lproj -- /Users/runner/work/Measurement_Kit/Measurement_Kit/Measurement_Kit/zh-Hans.lproj/InfoPlist.strings
/Users/runner/work/Measurement_Kit/Measurement_Kit/Measurement_Kit/zh-Hans.lproj/InfoPlist.strings:1:1: note: detected encoding of input file as Unicode (UTF-8) (in target 'Measurement_Kit' from project 'Measurement_Kit')

CopyStringsFile /Users/runner/Library/Developer/Xcode/DerivedData/Measurement_Kit-dxloqnmychfjpvfdfwiwotuhchey/Build/Intermediates.noindex/ArchiveIntermediates/Measurement_Kit/InstallationBuildProductsLocation/Applications/Measurement_Kit.app/en.lproj/Localizable.strings /Users/runner/work/Measurement_Kit/Measurement_Kit/Measurement_Kit/en.lproj/Localizable.strings (in target 'Measurement_Kit' from project 'Measurement_Kit')
    cd /Users/runner/work/Measurement_Kit/Measurement_Kit
    builtin-copyStrings --validate --outputencoding binary --outfilename Localizable.strings --outdir /Users/runner/Library/Developer/Xcode/DerivedData/Measurement_Kit-dxloqnmychfjpvfdfwiwotuhchey/Build/Intermediates.noindex/ArchiveIntermediates/Measurement_Kit/InstallationBuildProductsLocation/Applications/Measurement_Kit.app/en.lproj -- /Users/runner/work/Measurement_Kit/Measurement_Kit/Measurement_Kit/en.lproj/Localizable.strings
/Users/runner/work/Measurement_Kit/Measurement_Kit/Measurement_Kit/en.lproj/Localizable.strings:1:1: note: detected encoding of input file as Unicode (UTF-8) (in target 'Measurement_Kit' from project 'Measurement_Kit')

CopyStringsFile /Users/runner/Library/Developer/Xcode/DerivedData/Measurement_Kit-dxloqnmychfjpvfdfwiwotuhchey/Build/Intermediates.noindex/ArchiveIntermediates/Measurement_Kit/InstallationBuildProductsLocation/Applications/Measurement_Kit.app/en.lproj/InfoPlist.strings /Users/runner/work/Measurement_Kit/Measurement_Kit/Measurement_Kit/en.lproj/InfoPlist.strings (in target 'Measurement_Kit' from project 'Measurement_Kit')
    cd /Users/runner/work/Measurement_Kit/Measurement_Kit
    builtin-copyStrings --validate --outputencoding binary --outfilename InfoPlist.strings --outdir /Users/runner/Library/Developer/Xcode/DerivedData/Measurement_Kit-dxloqnmychfjpvfdfwiwotuhchey/Build/Intermediates.noindex/ArchiveIntermediates/Measurement_Kit/InstallationBuildProductsLocation/Applications/Measurement_Kit.app/en.lproj -- /Users/runner/work/Measurement_Kit/Measurement_Kit/Measurement_Kit/en.lproj/InfoPlist.strings
/Users/runner/work/Measurement_Kit/Measurement_Kit/Measurement_Kit/en.lproj/InfoPlist.strings:1:1: note: detected encoding of input file as Unicode (UTF-8) (in target 'Measurement_Kit' from project 'Measurement_Kit')

CompileAssetCatalogVariant thinned /Users/runner/Library/Developer/Xcode/DerivedData/Measurement_Kit-dxloqnmychfjpvfdfwiwotuhchey/Build/Intermediates.noindex/ArchiveIntermediates/Measurement_Kit/InstallationBuildProductsLocation/Applications/Measurement_Kit.app /Users/runner/work/Measurement_Kit/Measurement_Kit/Measurement_Kit/Resources/Assets.xcassets (in target 'Measurement_Kit' from project 'Measurement_Kit')
    cd /Users/runner/work/Measurement_Kit/Measurement_Kit
    /Applications/Xcode_16.4.app/Contents/Developer/usr/bin/actool /Users/runner/work/Measurement_Kit/Measurement_Kit/Measurement_Kit/Resources/Assets.xcassets --compile /Users/runner/Library/Developer/Xcode/DerivedData/Measurement_Kit-dxloqnmychfjpvfdfwiwotuhchey/Build/Intermediates.noindex/ArchiveIntermediates/Measurement_Kit/IntermediateBuildFilesPath/Measurement_Kit.build/Release-iphoneos/Measurement_Kit.build/assetcatalog_output/thinned --output-format human-readable-text --notices --warnings --export-dependency-info /Users/runner/Library/Developer/Xcode/DerivedData/Measurement_Kit-dxloqnmychfjpvfdfwiwotuhchey/Build/Intermediates.noindex/ArchiveIntermediates/Measurement_Kit/IntermediateBuildFilesPath/Measurement_Kit.build/Release-iphoneos/Measurement_Kit.build/assetcatalog_dependencies_thinned --output-partial-info-plist /Users/runner/Library/Developer/Xcode/DerivedData/Measurement_Kit-dxloqnmychfjpvfdfwiwotuhchey/Build/Intermediates.noindex/ArchiveIntermediates/Measurement_Kit/IntermediateBuildFilesPath/Measurement_Kit.build/Release-iphoneos/Measurement_Kit.build/assetcatalog_generated_info.plist_thinned --app-icon AppIcon --compress-pngs --enable-on-demand-resources YES --development-region en --target-device iphone --minimum-deployment-target 16.0 --platform iphoneos
/* com.apple.actool.compilation-results */
/Users/runner/Library/Developer/Xcode/DerivedData/Measurement_Kit-dxloqnmychfjpvfdfwiwotuhchey/Build/Intermediates.noindex/ArchiveIntermediates/Measurement_Kit/IntermediateBuildFilesPath/Measurement_Kit.build/Release-iphoneos/Measurement_Kit.build/assetcatalog_generated_info.plist_thinned
/Users/runner/Library/Developer/Xcode/DerivedData/Measurement_Kit-dxloqnmychfjpvfdfwiwotuhchey/Build/Intermediates.noindex/ArchiveIntermediates/Measurement_Kit/IntermediateBuildFilesPath/Measurement_Kit.build/Release-iphoneos/Measurement_Kit.build/assetcatalog_output/thinned/AppIcon60x60@2x.png
/Users/runner/Library/Developer/Xcode/DerivedData/Measurement_Kit-dxloqnmychfjpvfdfwiwotuhchey/Build/Intermediates.noindex/ArchiveIntermediates/Measurement_Kit/IntermediateBuildFilesPath/Measurement_Kit.build/Release-iphoneos/Measurement_Kit.build/assetcatalog_output/thinned/AppIcon76x76@2x~ipad.png
/Users/runner/Library/Developer/Xcode/DerivedData/Measurement_Kit-dxloqnmychfjpvfdfwiwotuhchey/Build/Intermediates.noindex/ArchiveIntermediates/Measurement_Kit/IntermediateBuildFilesPath/Measurement_Kit.build/Release-iphoneos/Measurement_Kit.build/assetcatalog_output/thinned/Assets.car


SwiftDriver Measurement_Kit normal arm64 com.apple.xcode.tools.swift.compiler (in target 'Measurement_Kit' from project 'Measurement_Kit')
    cd /Users/runner/work/Measurement_Kit/Measurement_Kit
    builtin-SwiftDriver -- /Applications/Xcode_16.4.app/Contents/Developer/Toolchains/XcodeDefault.xctoolchain/usr/bin/swiftc -module-name Measurement_Kit -O -whole-module-optimization -enforce-exclusivity\=checked @/Users/runner/Library/Developer/Xcode/DerivedData/Measurement_Kit-dxloqnmychfjpvfdfwiwotuhchey/Build/Intermediates.noindex/ArchiveIntermediates/Measurement_Kit/IntermediateBuildFilesPath/Measurement_Kit.build/Release-iphoneos/Measurement_Kit.build/Objects-normal/arm64/Measurement_Kit.SwiftFileList -D COCOAPODS -enable-bare-slash-regex -enable-experimental-feature DebugDescriptionMacro -sdk /Applications/Xcode_16.4.app/Contents/Developer/Platforms/iPhoneOS.platform/Developer/SDKs/iPhoneOS18.5.sdk -target arm64-apple-ios16.0 -g -module-cache-path /Users/runner/Library/Developer/Xcode/DerivedData/ModuleCache.noindex -Xfrontend -serialize-debugging-options -swift-version 5 -I /Users/runner/Library/Developer/Xcode/DerivedData/Measurement_Kit-dxloqnmychfjpvfdfwiwotuhchey/Build/Intermediates.noindex/ArchiveIntermediates/Measurement_Kit/BuildProductsPath/Release-iphoneos -F /Users/runner/Library/Developer/Xcode/DerivedData/Measurement_Kit-dxloqnmychfjpvfdfwiwotuhchey/Build/Intermediates.noindex/ArchiveIntermediates/Measurement_Kit/BuildProductsPath/Release-iphoneos -F /Users/runner/Library/Developer/Xcode/DerivedData/Measurement_Kit-dxloqnmychfjpvfdfwiwotuhchey/Build/Intermediates.noindex/ArchiveIntermediates/Measurement_Kit/BuildProductsPath/Release-iphoneos/CaoRuiSubscriptionKit -F /Users/runner/Library/Developer/Xcode/DerivedData/Measurement_Kit-dxloqnmychfjpvfdfwiwotuhchey/Build/Intermediates.noindex/ArchiveIntermediates/Measurement_Kit/BuildProductsPath/Release-iphoneos/SVProgressHUD -F /Users/runner/work/Measurement_Kit/Measurement_Kit/Pods/UMAPM/UMAPM_2.0.7 -F /Users/runner/work/Measurement_Kit/Measurement_Kit/Pods/UMCommon/UMCommon_7.5.8 -F /Users/runner/work/Measurement_Kit/Measurement_Kit/Pods/UMDevice/UMDevice_3.5.0 -F /Users/runner/Library/Developer/Xcode/DerivedData/Measurement_Kit-dxloqnmychfjpvfdfwiwotuhchey/Build/Intermediates.noindex/ArchiveIntermediates/Measurement_Kit/BuildProductsPath/Release-iphoneos/XCFrameworkIntermediates/UMAPM -F /Users/runner/Library/Developer/Xcode/DerivedData/Measurement_Kit-dxloqnmychfjpvfdfwiwotuhchey/Build/Intermediates.noindex/ArchiveIntermediates/Measurement_Kit/BuildProductsPath/Release-iphoneos/XCFrameworkIntermediates/UMCommon -F /Users/runner/Library/Developer/Xcode/DerivedData/Measurement_Kit-dxloqnmychfjpvfdfwiwotuhchey/Build/Intermediates.noindex/ArchiveIntermediates/Measurement_Kit/BuildProductsPath/Release-iphoneos/XCFrameworkIntermediates/UMDevice -c -num-threads 3 -Xcc -ivfsstatcache -Xcc /Users/runner/Library/Developer/Xcode/DerivedData/SDKStatCaches.noindex/iphoneos18.5-22F76-a529daf784b3616c7c04a36aeb7f5c05.sdkstatcache -output-file-map /Users/runner/Library/Developer/Xcode/DerivedData/Measurement_Kit-dxloqnmychfjpvfdfwiwotuhchey/Build/Intermediates.noindex/ArchiveIntermediates/Measurement_Kit/IntermediateBuildFilesPath/Measurement_Kit.build/Release-iphoneos/Measurement_Kit.build/Objects-normal/arm64/Measurement_Kit-OutputFileMap.json -use-frontend-parseable-output -save-temps -no-color-diagnostics -serialize-diagnostics -emit-dependencies -emit-module -emit-module-path /Users/runner/Library/Developer/Xcode/DerivedData/Measurement_Kit-dxloqnmychfjpvfdfwiwotuhchey/Build/Intermediates.noindex/ArchiveIntermediates/Measurement_Kit/IntermediateBuildFilesPath/Measurement_Kit.build/Release-iphoneos/Measurement_Kit.build/Objects-normal/arm64/Measurement_Kit.swiftmodule -validate-clang-modules-once -clang-build-session-file /Users/runner/Library/Developer/Xcode/DerivedData/ModuleCache.noindex/Session.modulevalidation -Xcc -I/Users/runner/Library/Developer/Xcode/DerivedData/Measurement_Kit-dxloqnmychfjpvfdfwiwotuhchey/Build/Intermediates.noindex/ArchiveIntermediates/Measurement_Kit/IntermediateBuildFilesPath/Measurement_Kit.build/Release-iphoneos/Measurement_Kit.build/swift-overrides.hmap -emit-const-values -Xfrontend -const-gather-protocols-file -Xfrontend /Users/runner/Library/Developer/Xcode/DerivedData/Measurement_Kit-dxloqnmychfjpvfdfwiwotuhchey/Build/Intermediates.noindex/ArchiveIntermediates/Measurement_Kit/IntermediateBuildFilesPath/Measurement_Kit.build/Release-iphoneos/Measurement_Kit.build/Objects-normal/arm64/Measurement_Kit_const_extract_protocols.json -Xcc -iquote -Xcc /Users/runner/Library/Developer/Xcode/DerivedData/Measurement_Kit-dxloqnmychfjpvfdfwiwotuhchey/Build/Intermediates.noindex/ArchiveIntermediates/Measurement_Kit/IntermediateBuildFilesPath/Measurement_Kit.build/Release-iphoneos/Measurement_Kit.build/Measurement_Kit-generated-files.hmap -Xcc -I/Users/runner/Library/Developer/Xcode/DerivedData/Measurement_Kit-dxloqnmychfjpvfdfwiwotuhchey/Build/Intermediates.noindex/ArchiveIntermediates/Measurement_Kit/IntermediateBuildFilesPath/Measurement_Kit.build/Release-iphoneos/Measurement_Kit.build/Measurement_Kit-own-target-headers.hmap -Xcc -I/Users/runner/Library/Developer/Xcode/DerivedData/Measurement_Kit-dxloqnmychfjpvfdfwiwotuhchey/Build/Intermediates.noindex/ArchiveIntermediates/Measurement_Kit/IntermediateBuildFilesPath/Measurement_Kit.build/Release-iphoneos/Measurement_Kit.build/Measurement_Kit-all-target-headers.hmap -Xcc -iquote -Xcc /Users/runner/Library/Developer/Xcode/DerivedData/Measurement_Kit-dxloqnmychfjpvfdfwiwotuhchey/Build/Intermediates.noindex/ArchiveIntermediates/Measurement_Kit/IntermediateBuildFilesPath/Measurement_Kit.build/Release-iphoneos/Measurement_Kit.build/Measurement_Kit-project-headers.hmap -Xcc -I/Users/runner/Library/Developer/Xcode/DerivedData/Measurement_Kit-dxloqnmychfjpvfdfwiwotuhchey/Build/Intermediates.noindex/ArchiveIntermediates/Measurement_Kit/BuildProductsPath/Release-iphoneos/include -Xcc -I/Users/runner/Library/Developer/Xcode/DerivedData/Measurement_Kit-dxloqnmychfjpvfdfwiwotuhchey/Build/Intermediates.noindex/ArchiveIntermediates/Measurement_Kit/BuildProductsPath/Release-iphoneos/CaoRuiSubscriptionKit/CaoRuiSubscriptionKit.framework/Headers -Xcc -I/Users/runner/Library/Developer/Xcode/DerivedData/Measurement_Kit-dxloqnmychfjpvfdfwiwotuhchey/Build/Intermediates.noindex/ArchiveIntermediates/Measurement_Kit/BuildProductsPath/Release-iphoneos/SVProgressHUD/SVProgressHUD.framework/Headers -Xcc -I/Users/runner/Library/Developer/Xcode/DerivedData/Measurement_Kit-dxloqnmychfjpvfdfwiwotuhchey/Build/Intermediates.noindex/ArchiveIntermediates/Measurement_Kit/IntermediateBuildFilesPath/Measurement_Kit.build/Release-iphoneos/Measurement_Kit.build/DerivedSources-normal/arm64 -Xcc -I/Users/runner/Library/Developer/Xcode/DerivedData/Measurement_Kit-dxloqnmychfjpvfdfwiwotuhchey/Build/Intermediates.noindex/ArchiveIntermediates/Measurement_Kit/IntermediateBuildFilesPath/Measurement_Kit.build/Release-iphoneos/Measurement_Kit.build/DerivedSources/arm64 -Xcc -I/Users/runner/Library/Developer/Xcode/DerivedData/Measurement_Kit-dxloqnmychfjpvfdfwiwotuhchey/Build/Intermediates.noindex/ArchiveIntermediates/Measurement_Kit/IntermediateBuildFilesPath/Measurement_Kit.build/Release-iphoneos/Measurement_Kit.build/DerivedSources -Xcc -DCOCOAPODS\=1 -emit-objc-header -emit-objc-header-path /Users/runner/Library/Developer/Xcode/DerivedData/Measurement_Kit-dxloqnmychfjpvfdfwiwotuhchey/Build/Intermediates.noindex/ArchiveIntermediates/Measurement_Kit/IntermediateBuildFilesPath/Measurement_Kit.build/Release-iphoneos/Measurement_Kit.build/Objects-normal/arm64/Measurement_Kit-Swift.h -working-directory /Users/runner/work/Measurement_Kit/Measurement_Kit -no-emit-module-separately-wmo

SwiftCompile normal arm64 Compiling\ ARTrackingErrorView.swift,\ AccessibilitySettingsView.swift,\ AppColors.swift,\ AppRouter.swift,\ ArchiveView.swift,\ CalibrationView.swift,\ CertificatePreviewView.swift,\ Constants.swift,\ ContentView.swift,\ MeasureView.swift,\ MeasurementDetailsView.swift,\ Measurement_KitApp.swift,\ Models.swift,\ NotificationSettingsView.swift,\ OnboardingSubscriptionView.swift,\ OnboardingView.swift,\ PermissionGuidanceView.swift,\ PremiumPaywallView.swift,\ SettingsView.swift,\ StorageManagementView.swift,\ ToolboxView.swift,\ UnitsSettingsView.swift,\ View+HideKeyboard.swift,\ GeneratedAssetSymbols.swift /Users/runner/work/Measurement_Kit/Measurement_Kit/Measurement_Kit/Features/Measure/Views/ARTrackingErrorView.swift /Users/runner/work/Measurement_Kit/Measurement_Kit/Measurement_Kit/Features/Settings/Views/AccessibilitySettingsView.swift /Users/runner/work/Measurement_Kit/Measurement_Kit/Measurement_Kit/Shared/Styles/AppColors.swift /Users/runner/work/Measurement_Kit/Measurement_Kit/Measurement_Kit/Core/Utilities/Helpers/AppRouter.swift /Users/runner/work/Measurement_Kit/Measurement_Kit/Measurement_Kit/Features/Archive/Views/ArchiveView.swift /Users/runner/work/Measurement_Kit/Measurement_Kit/Measurement_Kit/Features/Calibration/Views/CalibrationView.swift /Users/runner/work/Measurement_Kit/Measurement_Kit/Measurement_Kit/Features/Certificate/Views/CertificatePreviewView.swift /Users/runner/work/Measurement_Kit/Measurement_Kit/Measurement_Kit/Core/Utilities/Helpers/Constants.swift /Users/runner/work/Measurement_Kit/Measurement_Kit/Measurement_Kit/App/ContentView.swift /Users/runner/work/Measurement_Kit/Measurement_Kit/Measurement_Kit/Features/Measure/Views/MeasureView.swift /Users/runner/work/Measurement_Kit/Measurement_Kit/Measurement_Kit/Features/Details/Views/MeasurementDetailsView.swift /Users/runner/work/Measurement_Kit/Measurement_Kit/Measurement_Kit/App/Measurement_KitApp.swift /Users/runner/work/Measurement_Kit/Measurement_Kit/Measurement_Kit/Core/Utilities/Helpers/Models.swift /Users/runner/work/Measurement_Kit/Measurement_Kit/Measurement_Kit/Features/Settings/Views/NotificationSettingsView.swift /Users/runner/work/Measurement_Kit/Measurement_Kit/Measurement_Kit/Features/Onboarding/Views/OnboardingSubscriptionView.swift /Users/runner/work/Measurement_Kit/Measurement_Kit/Measurement_Kit/Features/Onboarding/Views/OnboardingView.swift /Users/runner/work/Measurement_Kit/Measurement_Kit/Measurement_Kit/Features/Onboarding/Views/PermissionGuidanceView.swift /Users/runner/work/Measurement_Kit/Measurement_Kit/Measurement_Kit/Features/Subscription/Views/PremiumPaywallView.swift /Users/runner/work/Measurement_Kit/Measurement_Kit/Measurement_Kit/Features/Settings/Views/SettingsView.swift /Users/runner/work/Measurement_Kit/Measurement_Kit/Measurement_Kit/Features/Settings/Views/StorageManagementView.swift /Users/runner/work/Measurement_Kit/Measurement_Kit/Measurement_Kit/Features/Toolbox/Views/ToolboxView.swift /Users/runner/work/Measurement_Kit/Measurement_Kit/Measurement_Kit/Features/Settings/Views/UnitsSettingsView.swift /Users/runner/work/Measurement_Kit/Measurement_Kit/Measurement_Kit/Core/Utilities/Extensions/View+HideKeyboard.swift /Users/runner/Library/Developer/Xcode/DerivedData/Measurement_Kit-dxloqnmychfjpvfdfwiwotuhchey/Build/Intermediates.noindex/ArchiveIntermediates/Measurement_Kit/IntermediateBuildFilesPath/Measurement_Kit.build/Release-iphoneos/Measurement_Kit.build/DerivedSources/GeneratedAssetSymbols.swift (in target 'Measurement_Kit' from project 'Measurement_Kit')
CompileSwift normal arm64 (in target 'Measurement_Kit' from project 'Measurement_Kit')
    cd /Users/runner/work/Measurement_Kit/Measurement_Kit
    
/Users/runner/work/Measurement_Kit/Measurement_Kit/Measurement_Kit/Features/Certificate/Views/CertificatePreviewView.swift:4:8: error: no such module 'CaoRuiSubscriptionKit'
import CaoRuiSubscriptionKit
       ^

Failed frontend command:
/Applications/Xcode_16.4.app/Contents/Developer/Toolchains/XcodeDefault.xctoolchain/usr/bin/swift-frontend -frontend -c /Users/runner/work/Measurement_Kit/Measurement_Kit/Measurement_Kit/Features/Measure/Views/ARTrackingErrorView.swift /Users/runner/work/Measurement_Kit/Measurement_Kit/Measurement_Kit/Features/Settings/Views/AccessibilitySettingsView.swift /Users/runner/work/Measurement_Kit/Measurement_Kit/Measurement_Kit/Shared/Styles/AppColors.swift /Users/runner/work/Measurement_Kit/Measurement_Kit/Measurement_Kit/Core/Utilities/Helpers/AppRouter.swift /Users/runner/work/Measurement_Kit/Measurement_Kit/Measurement_Kit/Features/Archive/Views/ArchiveView.swift /Users/runner/work/Measurement_Kit/Measurement_Kit/Measurement_Kit/Features/Calibration/Views/CalibrationView.swift /Users/runner/work/Measurement_Kit/Measurement_Kit/Measurement_Kit/Features/Certificate/Views/CertificatePreviewView.swift /Users/runner/work/Measurement_Kit/Measurement_Kit/Measurement_Kit/Core/Utilities/Helpers/Constants.swift /Users/runner/work/Measurement_Kit/Measurement_Kit/Measurement_Kit/App/ContentView.swift /Users/runner/work/Measurement_Kit/Measurement_Kit/Measurement_Kit/Features/Measure/Views/MeasureView.swift /Users/runner/work/Measurement_Kit/Measurement_Kit/Measurement_Kit/Features/Details/Views/MeasurementDetailsView.swift /Users/runner/work/Measurement_Kit/Measurement_Kit/Measurement_Kit/App/Measurement_KitApp.swift /Users/runner/work/Measurement_Kit/Measurement_Kit/Measurement_Kit/Core/Utilities/Helpers/Models.swift /Users/runner/work/Measurement_Kit/Measurement_Kit/Measurement_Kit/Features/Settings/Views/NotificationSettingsView.swift /Users/runner/work/Measurement_Kit/Measurement_Kit/Measurement_Kit/Features/Onboarding/Views/OnboardingSubscriptionView.swift /Users/runner/work/Measurement_Kit/Measurement_Kit/Measurement_Kit/Features/Onboarding/Views/OnboardingView.swift /Users/runner/work/Measurement_Kit/Measurement_Kit/Measurement_Kit/Features/Onboarding/Views/PermissionGuidanceView.swift /Users/runner/work/Measurement_Kit/Measurement_Kit/Measurement_Kit/Features/Subscription/Views/PremiumPaywallView.swift /Users/runner/work/Measurement_Kit/Measurement_Kit/Measurement_Kit/Features/Settings/Views/SettingsView.swift /Users/runner/work/Measurement_Kit/Measurement_Kit/Measurement_Kit/Features/Settings/Views/StorageManagementView.swift /Users/runner/work/Measurement_Kit/Measurement_Kit/Measurement_Kit/Features/Toolbox/Views/ToolboxView.swift /Users/runner/work/Measurement_Kit/Measurement_Kit/Measurement_Kit/Features/Settings/Views/UnitsSettingsView.swift /Users/runner/work/Measurement_Kit/Measurement_Kit/Measurement_Kit/Core/Utilities/Extensions/View+HideKeyboard.swift /Users/runner/Library/Developer/Xcode/DerivedData/Measurement_Kit-dxloqnmychfjpvfdfwiwotuhchey/Build/Intermediates.noindex/ArchiveIntermediates/Measurement_Kit/IntermediateBuildFilesPath/Measurement_Kit.build/Release-iphoneos/Measurement_Kit.build/DerivedSources/GeneratedAssetSymbols.swift -supplementary-output-file-map /Users/runner/Library/Developer/Xcode/DerivedData/Measurement_Kit-dxloqnmychfjpvfdfwiwotuhchey/Build/Intermediates.noindex/ArchiveIntermediates/Measurement_Kit/IntermediateBuildFilesPath/Measurement_Kit.build/Release-iphoneos/Measurement_Kit.build/Objects-normal/arm64/supplementaryOutputs-1 -target arm64-apple-ios16.0 -Xllvm -aarch64-use-tbi -enable-objc-interop -stack-check -sdk /Applications/Xcode_16.4.app/Contents/Developer/Platforms/iPhoneOS.platform/Developer/SDKs/iPhoneOS18.5.sdk -I /Users/runner/Library/Developer/Xcode/DerivedData/Measurement_Kit-dxloqnmychfjpvfdfwiwotuhchey/Build/Intermediates.noindex/ArchiveIntermediates/Measurement_Kit/BuildProductsPath/Release-iphoneos -F /Users/runner/Library/Developer/Xcode/DerivedData/Measurement_Kit-dxloqnmychfjpvfdfwiwotuhchey/Build/Intermediates.noindex/ArchiveIntermediates/Measurement_Kit/BuildProductsPath/Release-iphoneos -F /Users/runner/Library/Developer/Xcode/DerivedData/Measurement_Kit-dxloqnmychfjpvfdfwiwotuhchey/Build/Intermediates.noindex/ArchiveIntermediates/Measurement_Kit/BuildProductsPath/Release-iphoneos/CaoRuiSubscriptionKit -F /Users/runner/Library/Developer/Xcode/DerivedData/Measurement_Kit-dxloqnmychfjpvfdfwiwotuhchey/Build/Intermediates.noindex/ArchiveIntermediates/Measurement_Kit/BuildProductsPath/Release-iphoneos/SVProgressHUD -F /Users/runner/work/Measurement_Kit/Measurement_Kit/Pods/UMAPM/UMAPM_2.0.7 -F /Users/runner/work/Measurement_Kit/Measurement_Kit/Pods/UMCommon/UMCommon_7.5.8 -F /Users/runner/work/Measurement_Kit/Measurement_Kit/Pods/UMDevice/UMDevice_3.5.0 -F /Users/runner/Library/Developer/Xcode/DerivedData/Measurement_Kit-dxloqnmychfjpvfdfwiwotuhchey/Build/Intermediates.noindex/ArchiveIntermediates/Measurement_Kit/BuildProductsPath/Release-iphoneos/XCFrameworkIntermediates/UMAPM -F /Users/runner/Library/Developer/Xcode/DerivedData/Measurement_Kit-dxloqnmychfjpvfdfwiwotuhchey/Build/Intermediates.noindex/ArchiveIntermediates/Measurement_Kit/BuildProductsPath/Release-iphoneos/XCFrameworkIntermediates/UMCommon -F /Users/runner/Library/Developer/Xcode/DerivedData/Measurement_Kit-dxloqnmychfjpvfdfwiwotuhchey/Build/Intermediates.noindex/ArchiveIntermediates/Measurement_Kit/BuildProductsPath/Release-iphoneos/XCFrameworkIntermediates/UMDevice -no-color-diagnostics -g -debug-info-format\=dwarf -dwarf-version\=4 -module-cache-path /Users/runner/Library/Developer/Xcode/DerivedData/ModuleCache.noindex -swift-version 5 -enforce-exclusivity\=checked -O -D COCOAPODS -serialize-debugging-options -const-gather-protocols-file /Users/runner/Library/Developer/Xcode/DerivedData/Measurement_Kit-dxloqnmychfjpvfdfwiwotuhchey/Build/Intermediates.noindex/ArchiveIntermediates/Measurement_Kit/IntermediateBuildFilesPath/Measurement_Kit.build/Release-iphoneos/Measurement_Kit.build/Objects-normal/arm64/Measurement_Kit_const_extract_protocols.json -enable-experimental-feature DebugDescriptionMacro -enable-bare-slash-regex -empty-abi-descriptor -validate-clang-modules-once -clang-build-session-file /Users/runner/Library/Developer/Xcode/DerivedData/ModuleCache.noindex/Session.modulevalidation -Xcc -working-directory -Xcc /Users/runner/work/Measurement_Kit/Measurement_Kit -resource-dir /Applications/Xcode_16.4.app/Contents/Developer/Toolchains/XcodeDefault.xctoolchain/usr/lib/swift -file-compilation-dir /Users/runner/work/Measurement_Kit/Measurement_Kit -Xcc -ivfsstatcache -Xcc /Users/runner/Library/Developer/Xcode/DerivedData/SDKStatCaches.noindex/iphoneos18.5-22F76-a529daf784b3616c7c04a36aeb7f5c05.sdkstatcache -Xcc -I/Users/runner/Library/Developer/Xcode/DerivedData/Measurement_Kit-dxloqnmychfjpvfdfwiwotuhchey/Build/Intermediates.noindex/ArchiveIntermediates/Measurement_Kit/IntermediateBuildFilesPath/Measurement_Kit.build/Release-iphoneos/Measurement_Kit.build/swift-overrides.hmap -Xcc -iquote -Xcc /Users/runner/Library/Developer/Xcode/DerivedData/Measurement_Kit-dxloqnmychfjpvfdfwiwotuhchey/Build/Intermediates.noindex/ArchiveIntermediates/Measurement_Kit/IntermediateBuildFilesPath/Measurement_Kit.build/Release-iphoneos/Measurement_Kit.build/Measurement_Kit-generated-files.hmap -Xcc -I/Users/runner/Library/Developer/Xcode/DerivedData/Measurement_Kit-dxloqnmychfjpvfdfwiwotuhchey/Build/Intermediates.noindex/ArchiveIntermediates/Measurement_Kit/IntermediateBuildFilesPath/Measurement_Kit.build/Release-iphoneos/Measurement_Kit.build/Measurement_Kit-own-target-headers.hmap -Xcc -I/Users/runner/Library/Developer/Xcode/DerivedData/Measurement_Kit-dxloqnmychfjpvfdfwiwotuhchey/Build/Intermediates.noindex/ArchiveIntermediates/Measurement_Kit/IntermediateBuildFilesPath/Measurement_Kit.build/Release-iphoneos/Measurement_Kit.build/Measurement_Kit-all-target-headers.hmap -Xcc -iquote -Xcc /Users/runner/Library/Developer/Xcode/DerivedData/Measurement_Kit-dxloqnmychfjpvfdfwiwotuhchey/Build/Intermediates.noindex/ArchiveIntermediates/Measurement_Kit/IntermediateBuildFilesPath/Measurement_Kit.build/Release-iphoneos/Measurement_Kit.build/Measurement_Kit-project-headers.hmap -Xcc -I/Users/runner/Library/Developer/Xcode/DerivedData/Measurement_Kit-dxloqnmychfjpvfdfwiwotuhchey/Build/Intermediates.noindex/ArchiveIntermediates/Measurement_Kit/BuildProductsPath/Release-iphoneos/include -Xcc -I/Users/runner/Library/Developer/Xcode/DerivedData/Measurement_Kit-dxloqnmychfjpvfdfwiwotuhchey/Build/Intermediates.noindex/ArchiveIntermediates/Measurement_Kit/BuildProductsPath/Release-iphoneos/CaoRuiSubscriptionKit/CaoRuiSubscriptionKit.framework/Headers -Xcc -I/Users/runner/Library/Developer/Xcode/DerivedData/Measurement_Kit-dxloqnmychfjpvfdfwiwotuhchey/Build/Intermediates.noindex/ArchiveIntermediates/Measurement_Kit/BuildProductsPath/Release-iphoneos/SVProgressHUD/SVProgressHUD.framework/Headers -Xcc -I/Users/runner/Library/Developer/Xcode/DerivedData/Measurement_Kit-dxloqnmychfjpvfdfwiwotuhchey/Build/Intermediates.noindex/ArchiveIntermediates/Measurement_Kit/IntermediateBuildFilesPath/Measurement_Kit.build/Release-iphoneos/Measurement_Kit.build/DerivedSources-normal/arm64 -Xcc -I/Users/runner/Library/Developer/Xcode/DerivedData/Measurement_Kit-dxloqnmychfjpvfdfwiwotuhchey/Build/Intermediates.noindex/ArchiveIntermediates/Measurement_Kit/IntermediateBuildFilesPath/Measurement_Kit.build/Release-iphoneos/Measurement_Kit.build/DerivedSources/arm64 -Xcc -I/Users/runner/Library/Developer/Xcode/DerivedData/Measurement_Kit-dxloqnmychfjpvfdfwiwotuhchey/Build/Intermediates.noindex/ArchiveIntermediates/Measurement_Kit/IntermediateBuildFilesPath/Measurement_Kit.build/Release-iphoneos/Measurement_Kit.build/DerivedSources -Xcc -DCOCOAPODS\=1 -module-name Measurement_Kit -frontend-parseable-output -disable-clang-spi -target-sdk-version 18.5 -target-sdk-name iphoneos18.5 -external-plugin-path /Applications/Xcode_16.4.app/Contents/Developer/Platforms/iPhoneOS.platform/Developer/usr/lib/swift/host/plugins\#/Applications/Xcode_16.4.app/Contents/Developer/Platforms/iPhoneOS.platform/Developer/usr/bin/swift-plugin-server -external-plugin-path /Applications/Xcode_16.4.app/Contents/Developer/Platforms/iPhoneOS.platform/Developer/usr/local/lib/swift/host/plugins\#/Applications/Xcode_16.4.app/Contents/Developer/Platforms/iPhoneOS.platform/Developer/usr/bin/swift-plugin-server -in-process-plugin-server-path /Applications/Xcode_16.4.app/Contents/Developer/Toolchains/XcodeDefault.xctoolchain/usr/lib/swift/host/libSwiftInProcPluginServer.dylib -plugin-path /Applications/Xcode_16.4.app/Contents/Developer/Toolchains/XcodeDefault.xctoolchain/usr/lib/swift/host/plugins -plugin-path /Applications/Xcode_16.4.app/Contents/Developer/Toolchains/XcodeDefault.xctoolchain/usr/local/lib/swift/host/plugins -enable-default-cmo -num-threads 3 -o /Users/runner/Library/Developer/Xcode/DerivedData/Measurement_Kit-dxloqnmychfjpvfdfwiwotuhchey/Build/Intermediates.noindex/ArchiveIntermediates/Measurement_Kit/IntermediateBuildFilesPath/Measurement_Kit.build/Release-iphoneos/Measurement_Kit.build/Objects-normal/arm64/ARTrackingErrorView.o -o /Users/runner/Library/Developer/Xcode/DerivedData/Measurement_Kit-dxloqnmychfjpvfdfwiwotuhchey/Build/Intermediates.noindex/ArchiveIntermediates/Measurement_Kit/IntermediateBuildFilesPath/Measurement_Kit.build/Release-iphoneos/Measurement_Kit.build/Objects-normal/arm64/AccessibilitySettingsView.o -o /Users/runner/Library/Developer/Xcode/DerivedData/Measurement_Kit-dxloqnmychfjpvfdfwiwotuhchey/Build/Intermediates.noindex/ArchiveIntermediates/Measurement_Kit/IntermediateBuildFilesPath/Measurement_Kit.build/Release-iphoneos/Measurement_Kit.build/Objects-normal/arm64/AppColors.o -o /Users/runner/Library/Developer/Xcode/DerivedData/Measurement_Kit-dxloqnmychfjpvfdfwiwotuhchey/Build/Intermediates.noindex/ArchiveIntermediates/Measurement_Kit/IntermediateBuildFilesPath/Measurement_Kit.build/Release-iphoneos/Measurement_Kit.build/Objects-normal/arm64/AppRouter.o -o /Users/runner/Library/Developer/Xcode/DerivedData/Measurement_Kit-dxloqnmychfjpvfdfwiwotuhchey/Build/Intermediates.noindex/ArchiveIntermediates/Measurement_Kit/IntermediateBuildFilesPath/Measurement_Kit.build/Release-iphoneos/Measurement_Kit.build/Objects-normal/arm64/ArchiveView.o -o /Users/runner/Library/Developer/Xcode/DerivedData/Measurement_Kit-dxloqnmychfjpvfdfwiwotuhchey/Build/Intermediates.noindex/ArchiveIntermediates/Measurement_Kit/IntermediateBuildFilesPath/Measurement_Kit.build/Release-iphoneos/Measurement_Kit.build/Objects-normal/arm64/CalibrationView.o -o /Users/runner/Library/Developer/Xcode/DerivedData/Measurement_Kit-dxloqnmychfjpvfdfwiwotuhchey/Build/Intermediates.noindex/ArchiveIntermediates/Measurement_Kit/IntermediateBuildFilesPath/Measurement_Kit.build/Release-iphoneos/Measurement_Kit.build/Objects-normal/arm64/CertificatePreviewView.o -o /Users/runner/Library/Developer/Xcode/DerivedData/Measurement_Kit-dxloqnmychfjpvfdfwiwotuhchey/Build/Intermediates.noindex/ArchiveIntermediates/Measurement_Kit/IntermediateBuildFilesPath/Measurement_Kit.build/Release-iphoneos/Measurement_Kit.build/Objects-normal/arm64/Constants.o -o /Users/runner/Library/Developer/Xcode/DerivedData/Measurement_Kit-dxloqnmychfjpvfdfwiwotuhchey/Build/Intermediates.noindex/ArchiveIntermediates/Measurement_Kit/IntermediateBuildFilesPath/Measurement_Kit.build/Release-iphoneos/Measurement_Kit.build/Objects-normal/arm64/ContentView.o -o /Users/runner/Library/Developer/Xcode/DerivedData/Measurement_Kit-dxloqnmychfjpvfdfwiwotuhchey/Build/Intermediates.noindex/ArchiveIntermediates/Measurement_Kit/IntermediateBuildFilesPath/Measurement_Kit.build/Release-iphoneos/Measurement_Kit.build/Objects-normal/arm64/MeasureView.o -o /Users/runner/Library/Developer/Xcode/DerivedData/Measurement_Kit-dxloqnmychfjpvfdfwiwotuhchey/Build/Intermediates.noindex/ArchiveIntermediates/Measurement_Kit/IntermediateBuildFilesPath/Measurement_Kit.build/Release-iphoneos/Measurement_Kit.build/Objects-normal/arm64/MeasurementDetailsView.o -o /Users/runner/Library/Developer/Xcode/DerivedData/Measurement_Kit-dxloqnmychfjpvfdfwiwotuhchey/Build/Intermediates.noindex/ArchiveIntermediates/Measurement_Kit/IntermediateBuildFilesPath/Measurement_Kit.build/Release-iphoneos/Measurement_Kit.build/Objects-normal/arm64/Measurement_KitApp.o -o /Users/runner/Library/Developer/Xcode/DerivedData/Measurement_Kit-dxloqnmychfjpvfdfwiwotuhchey/Build/Intermediates.noindex/ArchiveIntermediates/Measurement_Kit/IntermediateBuildFilesPath/Measurement_Kit.build/Release-iphoneos/Measurement_Kit.build/Objects-normal/arm64/Models.o -o /Users/runner/Library/Developer/Xcode/DerivedData/Measurement_Kit-dxloqnmychfjpvfdfwiwotuhchey/Build/Intermediates.noindex/ArchiveIntermediates/Measurement_Kit/IntermediateBuildFilesPath/Measurement_Kit.build/Release-iphoneos/Measurement_Kit.build/Objects-normal/arm64/NotificationSettingsView.o -o /Users/runner/Library/Developer/Xcode/DerivedData/Measurement_Kit-dxloqnmychfjpvfdfwiwotuhchey/Build/Intermediates.noindex/ArchiveIntermediates/Measurement_Kit/IntermediateBuildFilesPath/Measurement_Kit.build/Release-iphoneos/Measurement_Kit.build/Objects-normal/arm64/OnboardingSubscriptionView.o -o /Users/runner/Library/Developer/Xcode/DerivedData/Measurement_Kit-dxloqnmychfjpvfdfwiwotuhchey/Build/Intermediates.noindex/ArchiveIntermediates/Measurement_Kit/IntermediateBuildFilesPath/Measurement_Kit.build/Release-iphoneos/Measurement_Kit.build/Objects-normal/arm64/OnboardingView.o -o /Users/runner/Library/Developer/Xcode/DerivedData/Measurement_Kit-dxloqnmychfjpvfdfwiwotuhchey/Build/Intermediates.noindex/ArchiveIntermediates/Measurement_Kit/IntermediateBuildFilesPath/Measurement_Kit.build/Release-iphoneos/Measurement_Kit.build/Objects-normal/arm64/PermissionGuidanceView.o -o /Users/runner/Library/Developer/Xcode/DerivedData/Measurement_Kit-dxloqnmychfjpvfdfwiwotuhchey/Build/Intermediates.noindex/ArchiveIntermediates/Measurement_Kit/IntermediateBuildFilesPath/Measurement_Kit.build/Release-iphoneos/Measurement_Kit.build/Objects-normal/arm64/PremiumPaywallView.o -o /Users/runner/Library/Developer/Xcode/DerivedData/Measurement_Kit-dxloqnmychfjpvfdfwiwotuhchey/Build/Intermediates.noindex/ArchiveIntermediates/Measurement_Kit/IntermediateBuildFilesPath/Measurement_Kit.build/Release-iphoneos/Measurement_Kit.build/Objects-normal/arm64/SettingsView.o -o /Users/runner/Library/Developer/Xcode/DerivedData/Measurement_Kit-dxloqnmychfjpvfdfwiwotuhchey/Build/Intermediates.noindex/ArchiveIntermediates/Measurement_Kit/IntermediateBuildFilesPath/Measurement_Kit.build/Release-iphoneos/Measurement_Kit.build/Objects-normal/arm64/StorageManagementView.o -o /Users/runner/Library/Developer/Xcode/DerivedData/Measurement_Kit-dxloqnmychfjpvfdfwiwotuhchey/Build/Intermediates.noindex/ArchiveIntermediates/Measurement_Kit/IntermediateBuildFilesPath/Measurement_Kit.build/Release-iphoneos/Measurement_Kit.build/Objects-normal/arm64/ToolboxView.o -o /Users/runner/Library/Developer/Xcode/DerivedData/Measurement_Kit-dxloqnmychfjpvfdfwiwotuhchey/Build/Intermediates.noindex/ArchiveIntermediates/Measurement_Kit/IntermediateBuildFilesPath/Measurement_Kit.build/Release-iphoneos/Measurement_Kit.build/Objects-normal/arm64/UnitsSettingsView.o -o /Users/runner/Library/Developer/Xcode/DerivedData/Measurement_Kit-dxloqnmychfjpvfdfwiwotuhchey/Build/Intermediates.noindex/ArchiveIntermediates/Measurement_Kit/IntermediateBuildFilesPath/Measurement_Kit.build/Release-iphoneos/Measurement_Kit.build/Objects-normal/arm64/View+HideKeyboard.o -o /Users/runner/Library/Developer/Xcode/DerivedData/Measurement_Kit-dxloqnmychfjpvfdfwiwotuhchey/Build/Intermediates.noindex/ArchiveIntermediates/Measurement_Kit/IntermediateBuildFilesPath/Measurement_Kit.build/Release-iphoneos/Measurement_Kit.build/Objects-normal/arm64/GeneratedAssetSymbols.o -index-unit-output-path /Measurement_Kit.build/Release-iphoneos/Measurement_Kit.build/Objects-normal/arm64/ARTrackingErrorView.o -index-unit-output-path /Measurement_Kit.build/Release-iphoneos/Measurement_Kit.build/Objects-normal/arm64/AccessibilitySettingsView.o -index-unit-output-path /Measurement_Kit.build/Release-iphoneos/Measurement_Kit.build/Objects-normal/arm64/AppColors.o -index-unit-output-path /Measurement_Kit.build/Release-iphoneos/Measurement_Kit.build/Objects-normal/arm64/AppRouter.o -index-unit-output-path /Measurement_Kit.build/Release-iphoneos/Measurement_Kit.build/Objects-normal/arm64/ArchiveView.o -index-unit-output-path /Measurement_Kit.build/Release-iphoneos/Measurement_Kit.build/Objects-normal/arm64/CalibrationView.o -index-unit-output-path /Measurement_Kit.build/Release-iphoneos/Measurement_Kit.build/Objects-normal/arm64/CertificatePreviewView.o -index-unit-output-path /Measurement_Kit.build/Release-iphoneos/Measurement_Kit.build/Objects-normal/arm64/Constants.o -index-unit-output-path /Measurement_Kit.build/Release-iphoneos/Measurement_Kit.build/Objects-normal/arm64/ContentView.o -index-unit-output-path /Measurement_Kit.build/Release-iphoneos/Measurement_Kit.build/Objects-normal/arm64/MeasureView.o -index-unit-output-path /Measurement_Kit.build/Release-iphoneos/Measurement_Kit.build/Objects-normal/arm64/MeasurementDetailsView.o -index-unit-output-path /Measurement_Kit.build/Release-iphoneos/Measurement_Kit.build/Objects-normal/arm64/Measurement_KitApp.o -index-unit-output-path /Measurement_Kit.build/Release-iphoneos/Measurement_Kit.build/Objects-normal/arm64/Models.o -index-unit-output-path /Measurement_Kit.build/Release-iphoneos/Measurement_Kit.build/Objects-normal/arm64/NotificationSettingsView.o -index-unit-output-path /Measurement_Kit.build/Release-iphoneos/Measurement_Kit.build/Objects-normal/arm64/OnboardingSubscriptionView.o -index-unit-output-path /Measurement_Kit.build/Release-iphoneos/Measurement_Kit.build/Objects-normal/arm64/OnboardingView.o -index-unit-output-path /Measurement_Kit.build/Release-iphoneos/Measurement_Kit.build/Objects-normal/arm64/PermissionGuidanceView.o -index-unit-output-path /Measurement_Kit.build/Release-iphoneos/Measurement_Kit.build/Objects-normal/arm64/PremiumPaywallView.o -index-unit-output-path /Measurement_Kit.build/Release-iphoneos/Measurement_Kit.build/Objects-normal/arm64/SettingsView.o -index-unit-output-path /Measurement_Kit.build/Release-iphoneos/Measurement_Kit.build/Objects-normal/arm64/StorageManagementView.o -index-unit-output-path /Measurement_Kit.build/Release-iphoneos/Measurement_Kit.build/Objects-normal/arm64/ToolboxView.o -index-unit-output-path /Measurement_Kit.build/Release-iphoneos/Measurement_Kit.build/Objects-normal/arm64/UnitsSettingsView.o -index-unit-output-path /Measurement_Kit.build/Release-iphoneos/Measurement_Kit.build/Objects-normal/arm64/View+HideKeyboard.o -index-unit-output-path /Measurement_Kit.build/Release-iphoneos/Measurement_Kit.build/Objects-normal/arm64/GeneratedAssetSymbols.o
SwiftDriver\ Compilation Measurement_Kit normal arm64 com.apple.xcode.tools.swift.compiler (in target 'Measurement_Kit' from project 'Measurement_Kit')
    cd /Users/runner/work/Measurement_Kit/Measurement_Kit
    builtin-Swift-Compilation -- /Applications/Xcode_16.4.app/Contents/Developer/Toolchains/XcodeDefault.xctoolchain/usr/bin/swiftc -module-name Measurement_Kit -O -whole-module-optimization -enforce-exclusivity\=checked @/Users/runner/Library/Developer/Xcode/DerivedData/Measurement_Kit-dxloqnmychfjpvfdfwiwotuhchey/Build/Intermediates.noindex/ArchiveIntermediates/Measurement_Kit/IntermediateBuildFilesPath/Measurement_Kit.build/Release-iphoneos/Measurement_Kit.build/Objects-normal/arm64/Measurement_Kit.SwiftFileList -D COCOAPODS -enable-bare-slash-regex -enable-experimental-feature DebugDescriptionMacro -sdk /Applications/Xcode_16.4.app/Contents/Developer/Platforms/iPhoneOS.platform/Developer/SDKs/iPhoneOS18.5.sdk -target arm64-apple-ios16.0 -g -module-cache-path /Users/runner/Library/Developer/Xcode/DerivedData/ModuleCache.noindex -Xfrontend -serialize-debugging-options -swift-version 5 -I /Users/runner/Library/Developer/Xcode/DerivedData/Measurement_Kit-dxloqnmychfjpvfdfwiwotuhchey/Build/Intermediates.noindex/ArchiveIntermediates/Measurement_Kit/BuildProductsPath/Release-iphoneos -F /Users/runner/Library/Developer/Xcode/DerivedData/Measurement_Kit-dxloqnmychfjpvfdfwiwotuhchey/Build/Intermediates.noindex/ArchiveIntermediates/Measurement_Kit/BuildProductsPath/Release-iphoneos -F /Users/runner/Library/Developer/Xcode/DerivedData/Measurement_Kit-dxloqnmychfjpvfdfwiwotuhchey/Build/Intermediates.noindex/ArchiveIntermediates/Measurement_Kit/BuildProductsPath/Release-iphoneos/CaoRuiSubscriptionKit -F /Users/runner/Library/Developer/Xcode/DerivedData/Measurement_Kit-dxloqnmychfjpvfdfwiwotuhchey/Build/Intermediates.noindex/ArchiveIntermediates/Measurement_Kit/BuildProductsPath/Release-iphoneos/SVProgressHUD -F /Users/runner/work/Measurement_Kit/Measurement_Kit/Pods/UMAPM/UMAPM_2.0.7 -F /Users/runner/work/Measurement_Kit/Measurement_Kit/Pods/UMCommon/UMCommon_7.5.8 -F /Users/runner/work/Measurement_Kit/Measurement_Kit/Pods/UMDevice/UMDevice_3.5.0 -F /Users/runner/Library/Developer/Xcode/DerivedData/Measurement_Kit-dxloqnmychfjpvfdfwiwotuhchey/Build/Intermediates.noindex/ArchiveIntermediates/Measurement_Kit/BuildProductsPath/Release-iphoneos/XCFrameworkIntermediates/UMAPM -F /Users/runner/Library/Developer/Xcode/DerivedData/Measurement_Kit-dxloqnmychfjpvfdfwiwotuhchey/Build/Intermediates.noindex/ArchiveIntermediates/Measurement_Kit/BuildProductsPath/Release-iphoneos/XCFrameworkIntermediates/UMCommon -F /Users/runner/Library/Developer/Xcode/DerivedData/Measurement_Kit-dxloqnmychfjpvfdfwiwotuhchey/Build/Intermediates.noindex/ArchiveIntermediates/Measurement_Kit/BuildProductsPath/Release-iphoneos/XCFrameworkIntermediates/UMDevice -c -num-threads 3 -Xcc -ivfsstatcache -Xcc /Users/runner/Library/Developer/Xcode/DerivedData/SDKStatCaches.noindex/iphoneos18.5-22F76-a529daf784b3616c7c04a36aeb7f5c05.sdkstatcache -output-file-map /Users/runner/Library/Developer/Xcode/DerivedData/Measurement_Kit-dxloqnmychfjpvfdfwiwotuhchey/Build/Intermediates.noindex/ArchiveIntermediates/Measurement_Kit/IntermediateBuildFilesPath/Measurement_Kit.build/Release-iphoneos/Measurement_Kit.build/Objects-normal/arm64/Measurement_Kit-OutputFileMap.json -use-frontend-parseable-output -save-temps -no-color-diagnostics -serialize-diagnostics -emit-dependencies -emit-module -emit-module-path /Users/runner/Library/Developer/Xcode/DerivedData/Measurement_Kit-dxloqnmychfjpvfdfwiwotuhchey/Build/Intermediates.noindex/ArchiveIntermediates/Measurement_Kit/IntermediateBuildFilesPath/Measurement_Kit.build/Release-iphoneos/Measurement_Kit.build/Objects-normal/arm64/Measurement_Kit.swiftmodule -validate-clang-modules-once -clang-build-session-file /Users/runner/Library/Developer/Xcode/DerivedData/ModuleCache.noindex/Session.modulevalidation -Xcc -I/Users/runner/Library/Developer/Xcode/DerivedData/Measurement_Kit-dxloqnmychfjpvfdfwiwotuhchey/Build/Intermediates.noindex/ArchiveIntermediates/Measurement_Kit/IntermediateBuildFilesPath/Measurement_Kit.build/Release-iphoneos/Measurement_Kit.build/swift-overrides.hmap -emit-const-values -Xfrontend -const-gather-protocols-file -Xfrontend /Users/runner/Library/Developer/Xcode/DerivedData/Measurement_Kit-dxloqnmychfjpvfdfwiwotuhchey/Build/Intermediates.noindex/ArchiveIntermediates/Measurement_Kit/IntermediateBuildFilesPath/Measurement_Kit.build/Release-iphoneos/Measurement_Kit.build/Objects-normal/arm64/Measurement_Kit_const_extract_protocols.json -Xcc -iquote -Xcc /Users/runner/Library/Developer/Xcode/DerivedData/Measurement_Kit-dxloqnmychfjpvfdfwiwotuhchey/Build/Intermediates.noindex/ArchiveIntermediates/Measurement_Kit/IntermediateBuildFilesPath/Measurement_Kit.build/Release-iphoneos/Measurement_Kit.build/Measurement_Kit-generated-files.hmap -Xcc -I/Users/runner/Library/Developer/Xcode/DerivedData/Measurement_Kit-dxloqnmychfjpvfdfwiwotuhchey/Build/Intermediates.noindex/ArchiveIntermediates/Measurement_Kit/IntermediateBuildFilesPath/Measurement_Kit.build/Release-iphoneos/Measurement_Kit.build/Measurement_Kit-own-target-headers.hmap -Xcc -I/Users/runner/Library/Developer/Xcode/DerivedData/Measurement_Kit-dxloqnmychfjpvfdfwiwotuhchey/Build/Intermediates.noindex/ArchiveIntermediates/Measurement_Kit/IntermediateBuildFilesPath/Measurement_Kit.build/Release-iphoneos/Measurement_Kit.build/Measurement_Kit-all-target-headers.hmap -Xcc -iquote -Xcc /Users/runner/Library/Developer/Xcode/DerivedData/Measurement_Kit-dxloqnmychfjpvfdfwiwotuhchey/Build/Intermediates.noindex/ArchiveIntermediates/Measurement_Kit/IntermediateBuildFilesPath/Measurement_Kit.build/Release-iphoneos/Measurement_Kit.build/Measurement_Kit-project-headers.hmap -Xcc -I/Users/runner/Library/Developer/Xcode/DerivedData/Measurement_Kit-dxloqnmychfjpvfdfwiwotuhchey/Build/Intermediates.noindex/ArchiveIntermediates/Measurement_Kit/BuildProductsPath/Release-iphoneos/include -Xcc -I/Users/runner/Library/Developer/Xcode/DerivedData/Measurement_Kit-dxloqnmychfjpvfdfwiwotuhchey/Build/Intermediates.noindex/ArchiveIntermediates/Measurement_Kit/BuildProductsPath/Release-iphoneos/CaoRuiSubscriptionKit/CaoRuiSubscriptionKit.framework/Headers -Xcc -I/Users/runner/Library/Developer/Xcode/DerivedData/Measurement_Kit-dxloqnmychfjpvfdfwiwotuhchey/Build/Intermediates.noindex/ArchiveIntermediates/Measurement_Kit/BuildProductsPath/Release-iphoneos/SVProgressHUD/SVProgressHUD.framework/Headers -Xcc -I/Users/runner/Library/Developer/Xcode/DerivedData/Measurement_Kit-dxloqnmychfjpvfdfwiwotuhchey/Build/Intermediates.noindex/ArchiveIntermediates/Measurement_Kit/IntermediateBuildFilesPath/Measurement_Kit.build/Release-iphoneos/Measurement_Kit.build/DerivedSources-normal/arm64 -Xcc -I/Users/runner/Library/Developer/Xcode/DerivedData/Measurement_Kit-dxloqnmychfjpvfdfwiwotuhchey/Build/Intermediates.noindex/ArchiveIntermediates/Measurement_Kit/IntermediateBuildFilesPath/Measurement_Kit.build/Release-iphoneos/Measurement_Kit.build/DerivedSources/arm64 -Xcc -I/Users/runner/Library/Developer/Xcode/DerivedData/Measurement_Kit-dxloqnmychfjpvfdfwiwotuhchey/Build/Intermediates.noindex/ArchiveIntermediates/Measurement_Kit/IntermediateBuildFilesPath/Measurement_Kit.build/Release-iphoneos/Measurement_Kit.build/DerivedSources -Xcc -DCOCOAPODS\=1 -emit-objc-header -emit-objc-header-path /Users/runner/Library/Developer/Xcode/DerivedData/Measurement_Kit-dxloqnmychfjpvfdfwiwotuhchey/Build/Intermediates.noindex/ArchiveIntermediates/Measurement_Kit/IntermediateBuildFilesPath/Measurement_Kit.build/Release-iphoneos/Measurement_Kit.build/Objects-normal/arm64/Measurement_Kit-Swift.h -working-directory /Users/runner/work/Measurement_Kit/Measurement_Kit -no-emit-module-separately-wmo

LinkAssetCatalog /Users/runner/work/Measurement_Kit/Measurement_Kit/Measurement_Kit/Resources/Assets.xcassets (in target 'Measurement_Kit' from project 'Measurement_Kit')
    cd /Users/runner/work/Measurement_Kit/Measurement_Kit
    builtin-linkAssetCatalog --thinned /Users/runner/Library/Developer/Xcode/DerivedData/Measurement_Kit-dxloqnmychfjpvfdfwiwotuhchey/Build/Intermediates.noindex/ArchiveIntermediates/Measurement_Kit/IntermediateBuildFilesPath/Measurement_Kit.build/Release-iphoneos/Measurement_Kit.build/assetcatalog_output/thinned --thinned-dependencies /Users/runner/Library/Developer/Xcode/DerivedData/Measurement_Kit-dxloqnmychfjpvfdfwiwotuhchey/Build/Intermediates.noindex/ArchiveIntermediates/Measurement_Kit/IntermediateBuildFilesPath/Measurement_Kit.build/Release-iphoneos/Measurement_Kit.build/assetcatalog_dependencies_thinned --thinned-info-plist-content /Users/runner/Library/Developer/Xcode/DerivedData/Measurement_Kit-dxloqnmychfjpvfdfwiwotuhchey/Build/Intermediates.noindex/ArchiveIntermediates/Measurement_Kit/IntermediateBuildFilesPath/Measurement_Kit.build/Release-iphoneos/Measurement_Kit.build/assetcatalog_generated_info.plist_thinned --unthinned /Users/runner/Library/Developer/Xcode/DerivedData/Measurement_Kit-dxloqnmychfjpvfdfwiwotuhchey/Build/Intermediates.noindex/ArchiveIntermediates/Measurement_Kit/IntermediateBuildFilesPath/Measurement_Kit.build/Release-iphoneos/Measurement_Kit.build/assetcatalog_output/unthinned --unthinned-dependencies /Users/runner/Library/Developer/Xcode/DerivedData/Measurement_Kit-dxloqnmychfjpvfdfwiwotuhchey/Build/Intermediates.noindex/ArchiveIntermediates/Measurement_Kit/IntermediateBuildFilesPath/Measurement_Kit.build/Release-iphoneos/Measurement_Kit.build/assetcatalog_dependencies_unthinned --unthinned-info-plist-content /Users/runner/Library/Developer/Xcode/DerivedData/Measurement_Kit-dxloqnmychfjpvfdfwiwotuhchey/Build/Intermediates.noindex/ArchiveIntermediates/Measurement_Kit/IntermediateBuildFilesPath/Measurement_Kit.build/Release-iphoneos/Measurement_Kit.build/assetcatalog_generated_info.plist_unthinned --output /Users/runner/Library/Developer/Xcode/DerivedData/Measurement_Kit-dxloqnmychfjpvfdfwiwotuhchey/Build/Intermediates.noindex/ArchiveIntermediates/Measurement_Kit/InstallationBuildProductsLocation/Applications/Measurement_Kit.app --plist-output /Users/runner/Library/Developer/Xcode/DerivedData/Measurement_Kit-dxloqnmychfjpvfdfwiwotuhchey/Build/Intermediates.noindex/ArchiveIntermediates/Measurement_Kit/IntermediateBuildFilesPath/Measurement_Kit.build/Release-iphoneos/Measurement_Kit.build/assetcatalog_generated_info.plist
note: Emplaced /Users/runner/Library/Developer/Xcode/DerivedData/Measurement_Kit-dxloqnmychfjpvfdfwiwotuhchey/Build/Intermediates.noindex/ArchiveIntermediates/Measurement_Kit/InstallationBuildProductsLocation/Applications/Measurement_Kit.app/AppIcon76x76@2x~ipad.png (in target 'Measurement_Kit' from project 'Measurement_Kit')
note: Emplaced /Users/runner/Library/Developer/Xcode/DerivedData/Measurement_Kit-dxloqnmychfjpvfdfwiwotuhchey/Build/Intermediates.noindex/ArchiveIntermediates/Measurement_Kit/InstallationBuildProductsLocation/Applications/Measurement_Kit.app/AppIcon60x60@2x.png (in target 'Measurement_Kit' from project 'Measurement_Kit')
note: Emplaced /Users/runner/Library/Developer/Xcode/DerivedData/Measurement_Kit-dxloqnmychfjpvfdfwiwotuhchey/Build/Intermediates.noindex/ArchiveIntermediates/Measurement_Kit/InstallationBuildProductsLocation/Applications/Measurement_Kit.app/Assets.car (in target 'Measurement_Kit' from project 'Measurement_Kit')

ProcessInfoPlistFile /Users/runner/Library/Developer/Xcode/DerivedData/Measurement_Kit-dxloqnmychfjpvfdfwiwotuhchey/Build/Intermediates.noindex/ArchiveIntermediates/Measurement_Kit/InstallationBuildProductsLocation/Applications/Measurement_Kit.app/Info.plist /Users/runner/work/Measurement_Kit/Measurement_Kit/Measurement_Kit/Info.plist (in target 'Measurement_Kit' from project 'Measurement_Kit')
    cd /Users/runner/work/Measurement_Kit/Measurement_Kit
    builtin-infoPlistUtility /Users/runner/work/Measurement_Kit/Measurement_Kit/Measurement_Kit/Info.plist -producttype com.apple.product-type.application -genpkginfo /Users/runner/Library/Developer/Xcode/DerivedData/Measurement_Kit-dxloqnmychfjpvfdfwiwotuhchey/Build/Intermediates.noindex/ArchiveIntermediates/Measurement_Kit/InstallationBuildProductsLocation/Applications/Measurement_Kit.app/PkgInfo -expandbuildsettings -format binary -platform iphoneos -additionalcontentfile /Users/runner/Library/Developer/Xcode/DerivedData/Measurement_Kit-dxloqnmychfjpvfdfwiwotuhchey/Build/Intermediates.noindex/ArchiveIntermediates/Measurement_Kit/IntermediateBuildFilesPath/Measurement_Kit.build/Release-iphoneos/Measurement_Kit.build/assetcatalog_generated_info.plist -requiredArchitecture arm64 -o /Users/runner/Library/Developer/Xcode/DerivedData/Measurement_Kit-dxloqnmychfjpvfdfwiwotuhchey/Build/Intermediates.noindex/ArchiveIntermediates/Measurement_Kit/InstallationBuildProductsLocation/Applications/Measurement_Kit.app/Info.plist

note: Disabling previews because SWIFT_VERSION is set and SWIFT_OPTIMIZATION_LEVEL=-O, expected -Onone (in target 'Measurement_Kit' from project 'Measurement_Kit')
** ARCHIVE FAILED **


The following build commands failed:
	CompileSwift normal arm64 (in target 'Measurement_Kit' from project 'Measurement_Kit')
	SwiftCompile normal arm64 Compiling\ ARTrackingErrorView.swift,\ AccessibilitySettingsView.swift,\ AppColors.swift,\ AppRouter.swift,\ ArchiveView.swift,\ CalibrationView.swift,\ CertificatePreviewView.swift,\ Constants.swift,\ ContentView.swift,\ MeasureView.swift,\ MeasurementDetailsView.swift,\ Measurement_KitApp.swift,\ Models.swift,\ NotificationSettingsView.swift,\ OnboardingSubscriptionView.swift,\ OnboardingView.swift,\ PermissionGuidanceView.swift,\ PremiumPaywallView.swift,\ SettingsView.swift,\ StorageManagementView.swift,\ ToolboxView.swift,\ UnitsSettingsView.swift,\ View+HideKeyboard.swift,\ GeneratedAssetSymbols.swift /Users/runner/work/Measurement_Kit/Measurement_Kit/Measurement_Kit/Features/Measure/Views/ARTrackingErrorView.swift /Users/runner/work/Measurement_Kit/Measurement_Kit/Measurement_Kit/Features/Settings/Views/AccessibilitySettingsView.swift /Users/runner/work/Measurement_Kit/Measurement_Kit/Measurement_Kit/Shared/Styles/AppColors.swift /Users/runner/work/Measurement_Kit/Measurement_Kit/Measurement_Kit/Core/Utilities/Helpers/AppRouter.swift /Users/runner/work/Measurement_Kit/Measurement_Kit/Measurement_Kit/Features/Archive/Views/ArchiveView.swift /Users/runner/work/Measurement_Kit/Measurement_Kit/Measurement_Kit/Features/Calibration/Views/CalibrationView.swift /Users/runner/work/Measurement_Kit/Measurement_Kit/Measurement_Kit/Features/Certificate/Views/CertificatePreviewView.swift /Users/runner/work/Measurement_Kit/Measurement_Kit/Measurement_Kit/Core/Utilities/Helpers/Constants.swift /Users/runner/work/Measurement_Kit/Measurement_Kit/Measurement_Kit/App/ContentView.swift /Users/runner/work/Measurement_Kit/Measurement_Kit/Measurement_Kit/Features/Measure/Views/MeasureView.swift /Users/runner/work/Measurement_Kit/Measurement_Kit/Measurement_Kit/Features/Details/Views/MeasurementDetailsView.swift /Users/runner/work/Measurement_Kit/Measurement_Kit/Measurement_Kit/App/Measurement_KitApp.swift /Users/runner/work/Measurement_Kit/Measurement_Kit/Measurement_Kit/Core/Utilities/Helpers/Models.swift /Users/runner/work/Measurement_Kit/Measurement_Kit/Measurement_Kit/Features/Settings/Views/NotificationSettingsView.swift /Users/runner/work/Measurement_Kit/Measurement_Kit/Measurement_Kit/Features/Onboarding/Views/OnboardingSubscriptionView.swift /Users/runner/work/Measurement_Kit/Measurement_Kit/Measurement_Kit/Features/Onboarding/Views/OnboardingView.swift /Users/runner/work/Measurement_Kit/Measurement_Kit/Measurement_Kit/Features/Onboarding/Views/PermissionGuidanceView.swift /Users/runner/work/Measurement_Kit/Measurement_Kit/Measurement_Kit/Features/Subscription/Views/PremiumPaywallView.swift /Users/runner/work/Measurement_Kit/Measurement_Kit/Measurement_Kit/Features/Settings/Views/SettingsView.swift /Users/runner/work/Measurement_Kit/Measurement_Kit/Measurement_Kit/Features/Settings/Views/StorageManagementView.swift /Users/runner/work/Measurement_Kit/Measurement_Kit/Measurement_Kit/Features/Toolbox/Views/ToolboxView.swift /Users/runner/work/Measurement_Kit/Measurement_Kit/Measurement_Kit/Features/Settings/Views/UnitsSettingsView.swift /Users/runner/work/Measurement_Kit/Measurement_Kit/Measurement_Kit/Core/Utilities/Extensions/View+HideKeyboard.swift /Users/runner/Library/Developer/Xcode/DerivedData/Measurement_Kit-dxloqnmychfjpvfdfwiwotuhchey/Build/Intermediates.noindex/ArchiveIntermediates/Measurement_Kit/IntermediateBuildFilesPath/Measurement_Kit.build/Release-iphoneos/Measurement_Kit.build/DerivedSources/GeneratedAssetSymbols.swift (in target 'Measurement_Kit' from project 'Measurement_Kit')
	Archiving workspace Measurement_Kit with scheme Measurement_Kit
(3 failures)
